DEBUG:root:1646833901.912192: (neutral 0.67)
DEBUG:root:Inference Time : 0.00699925422668457
DEBUG:root:Total time : 1.006995677947998
DEBUG:root:1646833902.0391905: (neutral 0.57)
DEBUG:root:Inference Time : 0.003997325897216797
DEBUG:root:Total time : 0.016001224517822266
DEBUG:root:1646833902.062192: (neutral 0.45)
DEBUG:root:Inference Time : 0.003999471664428711
DEBUG:root:Total time : 0.017004966735839844
DEBUG:root:1646833902.08719: (neutral 0.45)
DEBUG:root:Inference Time : 0.003999471664428711
DEBUG:root:Total time : 0.018013954162597656
DEBUG:root:1646833902.1091917: (neutral 0.38)
DEBUG:root:Inference Time : 0.003003835678100586
DEBUG:root:Total time : 0.014998912811279297
DEBUG:root:1646833902.1381884: (neutral 0.35)
DEBUG:root:Inference Time : 0.003999233245849609
DEBUG:root:Total time : 0.02299976348876953
DEBUG:root:1646833902.1721911: (neutral 0.27)
DEBUG:root:Inference Time : 0.003996849060058594
DEBUG:root:Total time : 0.02694845199584961
DEBUG:root:1646833902.2062042: (sad 0.29)
DEBUG:root:Inference Time : 0.003999471664428711
DEBUG:root:Total time : 0.027004241943359375
DEBUG:root:1646833902.242191: (angry 0.29)
DEBUG:root:Inference Time : 0.010997772216796875
DEBUG:root:Total time : 0.029995441436767578
DEBUG:root:1646833902.2841942: (sad 0.31)
DEBUG:root:Inference Time : 0.004002809524536133
DEBUG:root:Total time : 0.033994197845458984
DEBUG:root:1646833902.3071895: (sad 0.31)
DEBUG:root:Inference Time : 0.0029952526092529297
DEBUG:root:Total time : 0.01600337028503418
DEBUG:root:1646833902.329191: (angry 0.31)
DEBUG:root:Inference Time : 0.004000663757324219
DEBUG:root:Total time : 0.014999866485595703
DEBUG:root:1646833902.378188: (sad 0.35)
DEBUG:root:Inference Time : 0.0029954910278320312
DEBUG:root:Total time : 0.04199719429016113
DEBUG:root:1646833902.410193: (neutral 0.27)
DEBUG:root:Inference Time : 0.003998517990112305
DEBUG:root:Total time : 0.025002717971801758
DEBUG:root:1646833902.4411895: (sad 0.3)
DEBUG:root:Inference Time : 0.0029997825622558594
DEBUG:root:Total time : 0.02399468421936035
DEBUG:root:1646833902.4741917: (neutral 0.28)
DEBUG:root:Inference Time : 0.003999233245849609
DEBUG:root:Total time : 0.026003122329711914
DEBUG:root:1646833902.5061889: (neutral 0.44)
DEBUG:root:Inference Time : 0.0029981136322021484
DEBUG:root:Total time : 0.025005340576171875
DEBUG:root:1646833902.5371916: (neutral 0.5)
DEBUG:root:Inference Time : 0.003999233245849609
DEBUG:root:Total time : 0.023999691009521484
DEBUG:root:1646833902.5701928: (neutral 0.49)
DEBUG:root:Inference Time : 0.0039980411529541016
DEBUG:root:Total time : 0.02600383758544922
DEBUG:root:1646833902.61819: (neutral 0.53)
DEBUG:root:Inference Time : 0.00400233268737793
DEBUG:root:Total time : 0.04100322723388672
DEBUG:root:1646833902.640188: (neutral 0.53)
DEBUG:root:Inference Time : 0.0029959678649902344
DEBUG:root:Total time : 0.014003515243530273
DEBUG:root:1646833902.6591883: (neutral 0.47)
DEBUG:root:Inference Time : 0.0019998550415039062
DEBUG:root:Total time : 0.013001203536987305
DEBUG:root:1646833902.6801877: (neutral 0.54)
DEBUG:root:Inference Time : 0.003998279571533203
DEBUG:root:Total time : 0.01500391960144043
DEBUG:root:1646833902.713187: (neutral 0.53)
DEBUG:root:Inference Time : 0.003993034362792969
DEBUG:root:Total time : 0.02499842643737793
DEBUG:root:1646833902.7751918: (neutral 0.57)
DEBUG:root:Inference Time : 0.003000497817993164
DEBUG:root:Total time : 0.05500292778015137
DEBUG:root:1646833902.808188: (neutral 0.46)
DEBUG:root:Inference Time : 0.002996206283569336
DEBUG:root:Total time : 0.026001453399658203
DEBUG:root:1646833902.8371906: (neutral 0.49)
DEBUG:root:Inference Time : 0.002997159957885742
DEBUG:root:Total time : 0.02300858497619629
DEBUG:root:1646833902.8711946: (neutral 0.37)
DEBUG:root:Inference Time : 0.002997875213623047
DEBUG:root:Total time : 0.027008056640625
DEBUG:root:1646833902.9051883: (neutral 0.41)
DEBUG:root:Inference Time : 0.003998517990112305
DEBUG:root:Total time : 0.027001619338989258
DEBUG:root:1646833902.9541922: (neutral 0.45)
DEBUG:root:Inference Time : 0.0029993057250976562
DEBUG:root:Total time : 0.043001651763916016
DEBUG:root:1646833902.9761884: (neutral 0.45)
DEBUG:root:Inference Time : 0.0029997825622558594
DEBUG:root:Total time : 0.015005826950073242
DEBUG:root:1646833902.9951909: (neutral 0.45)
DEBUG:root:Inference Time : 0.0019965171813964844
DEBUG:root:Total time : 0.011999845504760742
DEBUG:root:1646833903.0231893: (neutral 0.48)
DEBUG:root:Inference Time : 0.00397038459777832
DEBUG:root:Total time : 0.022000789642333984
DEBUG:root:1646833903.049188: (neutral 0.43)
DEBUG:root:Inference Time : 0.001992464065551758
DEBUG:root:Total time : 0.019003629684448242
DEBUG:root:1646833903.078191: (neutral 0.45)
DEBUG:root:Inference Time : 0.002998828887939453
DEBUG:root:Total time : 0.02300119400024414
DEBUG:root:1646833903.1111884: (sad 0.42)
DEBUG:root:Inference Time : 0.003998994827270508
DEBUG:root:Total time : 0.02699589729309082
DEBUG:root:1646833903.1751885: (neutral 0.47)
DEBUG:root:Inference Time : 0.0039975643157958984
DEBUG:root:Total time : 0.05699658393859863
DEBUG:root:1646833903.2081873: (neutral 0.41)
DEBUG:root:Inference Time : 0.0029954910278320312
DEBUG:root:Total time : 0.026000022888183594
DEBUG:root:1646833903.239187: (neutral 0.41)
DEBUG:root:Inference Time : 0.0019948482513427734
DEBUG:root:Total time : 0.02500629425048828
DEBUG:root:1646833903.2881844: (neutral 0.42)
DEBUG:root:Inference Time : 0.00298309326171875
DEBUG:root:Total time : 0.0410001277923584
DEBUG:root:1646833903.3091898: (neutral 0.42)
DEBUG:root:Inference Time : 0.0029947757720947266
DEBUG:root:Total time : 0.014005899429321289
DEBUG:root:1646833903.328188: (happy 0.33)
DEBUG:root:Inference Time : 0.001996755599975586
DEBUG:root:Total time : 0.012996435165405273
DEBUG:root:1646833903.3531969: (neutral 0.45)
DEBUG:root:Inference Time : 0.003005504608154297
DEBUG:root:Total time : 0.017997264862060547
DEBUG:root:1646833903.3841927: (neutral 0.44)
DEBUG:root:Inference Time : 0.0030014514923095703
DEBUG:root:Total time : 0.0240018367767334
DEBUG:root:1646833903.4181898: (neutral 0.5)
DEBUG:root:Inference Time : 0.00400233268737793
DEBUG:root:Total time : 0.028002500534057617
DEBUG:root:1646833903.4491878: (neutral 0.49)
DEBUG:root:Inference Time : 0.0019974708557128906
DEBUG:root:Total time : 0.02300119400024414
DEBUG:root:1646833903.4781885: (neutral 0.52)
DEBUG:root:Inference Time : 0.0019998550415039062
DEBUG:root:Total time : 0.02199411392211914
DEBUG:root:1646833903.5111892: (neutral 0.54)
DEBUG:root:Inference Time : 0.0029952526092529297
DEBUG:root:Total time : 0.026996374130249023
DEBUG:root:1646833903.5731924: (neutral 0.53)
DEBUG:root:Inference Time : 0.002998828887939453
DEBUG:root:Total time : 0.05600094795227051
DEBUG:root:1646833903.6061845: (neutral 0.51)
DEBUG:root:Inference Time : 0.0029964447021484375
DEBUG:root:Total time : 0.026003122329711914
DEBUG:root:1646833903.6541886: (neutral 0.44)
DEBUG:root:Inference Time : 0.003998994827270508
DEBUG:root:Total time : 0.04100465774536133
DEBUG:root:1646833903.67419: (neutral 0.44)
DEBUG:root:Inference Time : 0.004000186920166016
DEBUG:root:Total time : 0.012998819351196289
DEBUG:root:1646833903.6941915: (neutral 0.58)
DEBUG:root:Inference Time : 0.004000663757324219
DEBUG:root:Total time : 0.013007879257202148
DEBUG:root:1646833903.7181904: (neutral 0.53)
DEBUG:root:Inference Time : 0.003003835678100586
DEBUG:root:Total time : 0.017003774642944336
DEBUG:root:1646833903.7531936: (neutral 0.6)
DEBUG:root:Inference Time : 0.0040013790130615234
DEBUG:root:Total time : 0.02799677848815918
DEBUG:root:1646833903.7821877: (neutral 0.48)
DEBUG:root:Inference Time : 0.002997159957885742
DEBUG:root:Total time : 0.02200150489807129
DEBUG:root:1646833903.815191: (neutral 0.53)
DEBUG:root:Inference Time : 0.0019989013671875
DEBUG:root:Total time : 0.02600550651550293
DEBUG:root:1646833903.8471882: (neutral 0.53)
DEBUG:root:Inference Time : 0.002996683120727539
DEBUG:root:Total time : 0.02599811553955078
DEBUG:root:1646833903.8781881: (neutral 0.34)
DEBUG:root:Inference Time : 0.0029931068420410156
DEBUG:root:Total time : 0.02399277687072754
DEBUG:root:1646833903.9101925: (neutral 0.62)
DEBUG:root:Inference Time : 0.00299835205078125
DEBUG:root:Total time : 0.024999380111694336
DEBUG:root:1646833903.9891882: (neutral 0.52)
DEBUG:root:Inference Time : 0.002988576889038086
DEBUG:root:Total time : 0.07200288772583008
DEBUG:root:1646833904.0121887: (neutral 0.52)
DEBUG:root:Inference Time : 0.00399017333984375
DEBUG:root:Total time : 0.015004396438598633
DEBUG:root:1646833904.0301878: (neutral 0.59)
DEBUG:root:Inference Time : 0.001997709274291992
DEBUG:root:Total time : 0.011993885040283203
DEBUG:root:1646833904.0551918: (neutral 0.56)
DEBUG:root:Inference Time : 0.0030007362365722656
DEBUG:root:Total time : 0.017007112503051758
DEBUG:root:1646833904.0851927: (neutral 0.48)
DEBUG:root:Inference Time : 0.0030019283294677734
DEBUG:root:Total time : 0.023999929428100586
DEBUG:root:1646833904.1181889: (neutral 0.54)
DEBUG:root:Inference Time : 0.0019979476928710938
DEBUG:root:Total time : 0.02600383758544922
DEBUG:root:1646833904.1491904: (neutral 0.47)
DEBUG:root:Inference Time : 0.0019981861114501953
DEBUG:root:Total time : 0.02400064468383789
DEBUG:root:1646833904.1831868: (neutral 0.6)
DEBUG:root:Inference Time : 0.002997159957885742
DEBUG:root:Total time : 0.027004241943359375
DEBUG:root:1646833904.2151914: (neutral 0.52)
DEBUG:root:Inference Time : 0.003000020980834961
DEBUG:root:Total time : 0.024999380111694336
DEBUG:root:1646833904.2471871: (neutral 0.46)
DEBUG:root:Inference Time : 0.0019943714141845703
DEBUG:root:Total time : 0.024999618530273438
DEBUG:root:1646833904.2791913: (neutral 0.59)
DEBUG:root:Inference Time : 0.0029990673065185547
DEBUG:root:Total time : 0.024998188018798828
DEBUG:root:1646833904.3271906: (neutral 0.58)
DEBUG:root:Inference Time : 0.002994060516357422
DEBUG:root:Total time : 0.041994571685791016
DEBUG:root:1646833904.3581934: (neutral 0.58)
DEBUG:root:Inference Time : 0.003003835678100586
DEBUG:root:Total time : 0.025002717971801758
DEBUG:root:1646833904.396189: (neutral 0.67)
DEBUG:root:Inference Time : 0.0029969215393066406
DEBUG:root:Total time : 0.03000164031982422
DEBUG:root:1646833904.4221907: (neutral 0.45)
DEBUG:root:Inference Time : 0.0029952526092529297
DEBUG:root:Total time : 0.019979000091552734
DEBUG:root:1646833904.454194: (neutral 0.52)
DEBUG:root:Inference Time : 0.005004405975341797
DEBUG:root:Total time : 0.026008129119873047
DEBUG:root:1646833904.487202: (neutral 0.46)
DEBUG:root:Inference Time : 0.004013776779174805
DEBUG:root:Total time : 0.025014638900756836
DEBUG:root:1646833904.518194: (neutral 0.53)
DEBUG:root:Inference Time : 0.0030019283294677734
DEBUG:root:Total time : 0.024005651473999023
DEBUG:root:1646833904.549189: (neutral 0.6)
DEBUG:root:Inference Time : 0.002998828887939453
DEBUG:root:Total time : 0.024998903274536133
DEBUG:root:1646833904.5821888: (neutral 0.35)
DEBUG:root:Inference Time : 0.002999544143676758
DEBUG:root:Total time : 0.026001691818237305
DEBUG:root:1646833904.6191907: (happy 0.38)
DEBUG:root:Inference Time : 0.003004312515258789
DEBUG:root:Total time : 0.03000354766845703
DEBUG:root:1646833904.664189: (happy 0.57)
DEBUG:root:Inference Time : 0.0019969940185546875
DEBUG:root:Total time : 0.03799748420715332
DEBUG:root:1646833904.6991842: (neutral 0.3)
DEBUG:root:Inference Time : 0.003992557525634766
DEBUG:root:Total time : 0.028995752334594727
DEBUG:root:1646833904.7291896: (neutral 0.33)
DEBUG:root:Inference Time : 0.0029959678649902344
DEBUG:root:Total time : 0.023005962371826172
DEBUG:root:1646833904.7601929: (neutral 0.39)
DEBUG:root:Inference Time : 0.002997159957885742
DEBUG:root:Total time : 0.024001598358154297
DEBUG:root:1646833904.7931917: (happy 0.38)
DEBUG:root:Inference Time : 0.003001689910888672
DEBUG:root:Total time : 0.024997234344482422
DEBUG:root:1646833904.8241866: (happy 0.46)
DEBUG:root:Inference Time : 0.002992391586303711
DEBUG:root:Total time : 0.024004697799682617
DEBUG:root:1646833904.8571877: (happy 0.3)
DEBUG:root:Inference Time : 0.003993988037109375
DEBUG:root:Total time : 0.026007413864135742
DEBUG:root:1646833904.8881974: (happy 0.36)
DEBUG:root:Inference Time : 0.003004789352416992
DEBUG:root:Total time : 0.024007558822631836
DEBUG:root:1646833904.9191887: (neutral 0.39)
DEBUG:root:Inference Time : 0.00400543212890625
DEBUG:root:Total time : 0.024008750915527344
DEBUG:root:1646833904.9521923: (neutral 0.45)
DEBUG:root:Inference Time : 0.004000186920166016
DEBUG:root:Total time : 0.026003599166870117
DEBUG:root:1646833904.9981854: (angry 0.31)
DEBUG:root:Inference Time : 0.0029973983764648438
DEBUG:root:Total time : 0.03999900817871094
DEBUG:root:1646833905.0301855: (angry 0.33)
DEBUG:root:Inference Time : 0.0039958953857421875
DEBUG:root:Total time : 0.02499842643737793
DEBUG:root:1646833905.063192: (neutral 0.52)
DEBUG:root:Inference Time : 0.003999471664428711
DEBUG:root:Total time : 0.02600717544555664
DEBUG:root:1646833905.0931885: (neutral 0.44)
DEBUG:root:Inference Time : 0.004003047943115234
DEBUG:root:Total time : 0.02399444580078125
DEBUG:root:1646833905.1281915: (neutral 0.44)
DEBUG:root:Inference Time : 0.0029976367950439453
DEBUG:root:Total time : 0.027007102966308594
DEBUG:root:1646833905.164189: (neutral 0.44)
DEBUG:root:Inference Time : 0.0029981136322021484
DEBUG:root:Total time : 0.029001235961914062
DEBUG:root:1646833905.1911924: (neutral 0.35)
DEBUG:root:Inference Time : 0.004002809524536133
DEBUG:root:Total time : 0.021004676818847656
DEBUG:root:1646833905.22219: (neutral 0.4)
DEBUG:root:Inference Time : 0.004001617431640625
DEBUG:root:Total time : 0.023999929428100586
DEBUG:root:1646833905.2561896: (neutral 0.58)
DEBUG:root:Inference Time : 0.0019974708557128906
DEBUG:root:Total time : 0.02800440788269043
DEBUG:root:1646833905.2882109: (neutral 0.46)
DEBUG:root:Inference Time : 0.0040204524993896484
DEBUG:root:Total time : 0.026004552841186523
DEBUG:root:1646833905.3181877: (neutral 0.47)
DEBUG:root:Inference Time : 0.002998828887939453
DEBUG:root:Total time : 0.0220034122467041
DEBUG:root:1646833905.3701913: (neutral 0.62)
DEBUG:root:Inference Time : 0.004001140594482422
DEBUG:root:Total time : 0.0460052490234375
DEBUG:root:1646833905.4011889: (neutral 0.68)
DEBUG:root:Inference Time : 0.0029947757720947266
DEBUG:root:Total time : 0.024003267288208008
DEBUG:root:1646833905.4321892: (neutral 0.55)
DEBUG:root:Inference Time : 0.002997875213623047
DEBUG:root:Total time : 0.023001909255981445
DEBUG:root:1646833905.4611912: (neutral 0.68)
DEBUG:root:Inference Time : 0.00400090217590332
DEBUG:root:Total time : 0.02300572395324707
DEBUG:root:1646833905.49619: (neutral 0.76)
DEBUG:root:Inference Time : 0.00299835205078125
DEBUG:root:Total time : 0.02700066566467285
DEBUG:root:1646833905.527193: (neutral 0.76)
DEBUG:root:Inference Time : 0.003000974655151367
DEBUG:root:Total time : 0.023992061614990234
DEBUG:root:1646833905.56019: (neutral 0.85)
DEBUG:root:Inference Time : 0.002994537353515625
DEBUG:root:Total time : 0.026006460189819336
DEBUG:root:1646833905.5911887: (neutral 0.86)
DEBUG:root:Inference Time : 0.001997709274291992
DEBUG:root:Total time : 0.024004459381103516
DEBUG:root:1646833905.6231894: (neutral 0.76)
DEBUG:root:Inference Time : 0.0029909610748291016
DEBUG:root:Total time : 0.02400517463684082
DEBUG:root:1646833905.6571941: (neutral 0.66)
DEBUG:root:Inference Time : 0.0029942989349365234
DEBUG:root:Total time : 0.028011560440063477
DEBUG:root:1646833905.7071936: (neutral 0.75)
DEBUG:root:Inference Time : 0.003994941711425781
DEBUG:root:Total time : 0.04300999641418457
DEBUG:root:1646833905.7371995: (neutral 0.74)
DEBUG:root:Inference Time : 0.0030014514923095703
DEBUG:root:Total time : 0.02301812171936035
DEBUG:root:1646833905.783189: (neutral 0.77)
DEBUG:root:Inference Time : 0.0029952526092529297
DEBUG:root:Total time : 0.03900718688964844
DEBUG:root:1646833905.8061912: (neutral 0.73)
DEBUG:root:Inference Time : 0.003995180130004883
DEBUG:root:Total time : 0.016000986099243164
DEBUG:root:1646833905.8341944: (neutral 0.69)
DEBUG:root:Inference Time : 0.0039997100830078125
DEBUG:root:Total time : 0.020999670028686523
DEBUG:root:1646833905.8651888: (neutral 0.75)
DEBUG:root:Inference Time : 0.003996133804321289
DEBUG:root:Total time : 0.023998737335205078
DEBUG:root:1646833905.8971906: (neutral 0.65)
DEBUG:root:Inference Time : 0.0029985904693603516
DEBUG:root:Total time : 0.024000167846679688
DEBUG:root:1646833905.9291945: (neutral 0.77)
DEBUG:root:Inference Time : 0.0029969215393066406
DEBUG:root:Total time : 0.024996042251586914
DEBUG:root:1646833905.9631896: (neutral 0.76)
DEBUG:root:Inference Time : 0.0029935836791992188
DEBUG:root:Total time : 0.027001380920410156
DEBUG:root:1646833905.9941933: (neutral 0.8)
DEBUG:root:Inference Time : 0.003998279571533203
DEBUG:root:Total time : 0.02300262451171875
DEBUG:root:1646833906.041194: (neutral 0.7)
DEBUG:root:Inference Time : 0.003981351852416992
DEBUG:root:Total time : 0.0410003662109375
DEBUG:root:1646833906.0741935: (neutral 0.89)
DEBUG:root:Inference Time : 0.004003286361694336
DEBUG:root:Total time : 0.026003360748291016
DEBUG:root:1646833906.1051965: (neutral 0.79)
DEBUG:root:Inference Time : 0.0040318965911865234
DEBUG:root:Total time : 0.02403569221496582
DEBUG:root:1646833906.1371927: (neutral 0.83)
DEBUG:root:Inference Time : 0.0030002593994140625
DEBUG:root:Total time : 0.02500629425048828
DEBUG:root:1646833906.1711943: (neutral 0.71)
DEBUG:root:Inference Time : 0.004001140594482422
DEBUG:root:Total time : 0.02700185775756836
DEBUG:root:1646833906.201192: (neutral 0.67)
DEBUG:root:Inference Time : 0.0069942474365234375
DEBUG:root:Total time : 0.026998519897460938
DEBUG:root:1646833906.232193: (happy 0.97)
DEBUG:root:Inference Time : 0.003998994827270508
DEBUG:root:Total time : 0.020000219345092773
DEBUG:root:1646833906.267196: (happy 1.0)
DEBUG:root:Inference Time : 0.003000974655151367
DEBUG:root:Total time : 0.028002262115478516
DEBUG:root:1646833906.297195: (happy 1.0)
DEBUG:root:Inference Time : 0.0029997825622558594
DEBUG:root:Total time : 0.02300238609313965
DEBUG:root:1646833906.3301911: (happy 1.0)
DEBUG:root:Inference Time : 0.0029947757720947266
DEBUG:root:Total time : 0.025975465774536133
DEBUG:root:1646833906.3751893: (happy 1.0)
DEBUG:root:Inference Time : 0.0029993057250976562
DEBUG:root:Total time : 0.03799843788146973
DEBUG:root:1646833906.4091883: (happy 1.0)
DEBUG:root:Inference Time : 0.002992868423461914
DEBUG:root:Total time : 0.02700662612915039
DEBUG:root:1646833906.4401906: (happy 1.0)
DEBUG:root:Inference Time : 0.003998756408691406
DEBUG:root:Total time : 0.02500295639038086
DEBUG:root:1646833906.472193: (happy 1.0)
DEBUG:root:Inference Time : 0.0030031204223632812
DEBUG:root:Total time : 0.02500176429748535
DEBUG:root:1646833906.5041926: (happy 1.0)
DEBUG:root:Inference Time : 0.003997087478637695
DEBUG:root:Total time : 0.026015281677246094
DEBUG:root:1646833906.536189: (happy 1.0)
DEBUG:root:Inference Time : 0.0029976367950439453
DEBUG:root:Total time : 0.024001121520996094
DEBUG:root:1646833906.569188: (happy 1.0)
DEBUG:root:Inference Time : 0.0029985904693603516
DEBUG:root:Total time : 0.026002883911132812
DEBUG:root:1646833906.6001925: (happy 1.0)
DEBUG:root:Inference Time : 0.00399470329284668
DEBUG:root:Total time : 0.023999691009521484
DEBUG:root:1646833906.634193: (happy 1.0)
DEBUG:root:Inference Time : 0.003999471664428711
DEBUG:root:Total time : 0.027001380920410156
DEBUG:root:1646833906.68219: (happy 1.0)
DEBUG:root:Inference Time : 0.004002571105957031
DEBUG:root:Total time : 0.041002750396728516
DEBUG:root:1646833906.7131941: (happy 1.0)
DEBUG:root:Inference Time : 0.0030012130737304688
DEBUG:root:Total time : 0.024999380111694336
DEBUG:root:1646833906.7361925: (happy 1.0)
DEBUG:root:Inference Time : 0.003000974655151367
DEBUG:root:Total time : 0.01599860191345215
DEBUG:root:1646833906.7781951: (happy 1.0)
DEBUG:root:Inference Time : 0.003999233245849609
DEBUG:root:Total time : 0.03500103950500488
DEBUG:root:1646833906.8091927: (happy 1.0)
DEBUG:root:Inference Time : 0.003983259201049805
DEBUG:root:Total time : 0.023998737335205078
DEBUG:root:1646833906.843194: (happy 1.0)
DEBUG:root:Inference Time : 0.003996372222900391
DEBUG:root:Total time : 0.026999950408935547
DEBUG:root:1646833906.8741927: (happy 1.0)
DEBUG:root:Inference Time : 0.004000186920166016
DEBUG:root:Total time : 0.024000167846679688
DEBUG:root:1646833906.9051914: (happy 1.0)
DEBUG:root:Inference Time : 0.0029993057250976562
DEBUG:root:Total time : 0.02400684356689453
DEBUG:root:1646833906.9391952: (happy 1.0)
DEBUG:root:Inference Time : 0.0030007362365722656
DEBUG:root:Total time : 0.027006149291992188
DEBUG:root:1646833906.9681907: (happy 1.0)
DEBUG:root:Inference Time : 0.0019958019256591797
DEBUG:root:Total time : 0.021999359130859375
DEBUG:root:1646833907.017197: (happy 1.0)
DEBUG:root:Inference Time : 0.0030083656311035156
DEBUG:root:Total time : 0.043004512786865234
DEBUG:root:1646833907.0511944: (happy 1.0)
DEBUG:root:Inference Time : 0.004001617431640625
DEBUG:root:Total time : 0.026998519897460938
DEBUG:root:1646833907.0741932: (happy 1.0)
DEBUG:root:Inference Time : 0.004002809524536133
DEBUG:root:Total time : 0.01500082015991211
DEBUG:root:1646833907.0981922: (happy 1.0)
DEBUG:root:Inference Time : 0.0069980621337890625
DEBUG:root:Total time : 0.019002914428710938
DEBUG:root:1646833907.1211946: (happy 1.0)
DEBUG:root:Inference Time : 0.002993345260620117
DEBUG:root:Total time : 0.015000343322753906
DEBUG:root:1646833907.1791887: (happy 1.0)
DEBUG:root:Inference Time : 0.0039997100830078125
DEBUG:root:Total time : 0.050994873046875
DEBUG:root:1646833907.209192: (happy 1.0)
DEBUG:root:Inference Time : 0.0029990673065185547
DEBUG:root:Total time : 0.02400064468383789
DEBUG:root:1646833907.242191: (happy 1.0)
DEBUG:root:Inference Time : 0.0039937496185302734
DEBUG:root:Total time : 0.026000261306762695
DEBUG:root:1646833907.2721891: (happy 1.0)
DEBUG:root:Inference Time : 0.0040018558502197266
DEBUG:root:Total time : 0.023003101348876953
DEBUG:root:1646833907.3051903: (happy 1.0)
DEBUG:root:Inference Time : 0.003998279571533203
DEBUG:root:Total time : 0.026003360748291016
DEBUG:root:1646833907.3391945: (happy 1.0)
DEBUG:root:Inference Time : 0.003002643585205078
DEBUG:root:Total time : 0.026020050048828125
DEBUG:root:1646833907.3671927: (happy 1.0)
DEBUG:root:Inference Time : 0.002997159957885742
DEBUG:root:Total time : 0.020997285842895508
DEBUG:root:1646833907.4171941: (happy 1.0)
DEBUG:root:Inference Time : 0.003998517990112305
DEBUG:root:Total time : 0.04399919509887695
DEBUG:root:1646833907.440223: (happy 1.0)
DEBUG:root:Inference Time : 0.0040283203125
DEBUG:root:Total time : 0.01500082015991211
DEBUG:root:1646833907.461191: (happy 1.0)
DEBUG:root:Inference Time : 0.0029952526092529297
DEBUG:root:Total time : 0.01300048828125
DEBUG:root:1646833907.4791944: (happy 1.0)
DEBUG:root:Inference Time : 0.002000093460083008
DEBUG:root:Total time : 0.01200246810913086
DEBUG:root:1646833907.5111914: (happy 1.0)
DEBUG:root:Inference Time : 0.0030028820037841797
DEBUG:root:Total time : 0.025004863739013672
DEBUG:root:1646833907.5781896: (neutral 0.43)
DEBUG:root:Inference Time : 0.0039997100830078125
DEBUG:root:Total time : 0.06000494956970215
DEBUG:root:1646833907.6091893: (neutral 0.35)
DEBUG:root:Inference Time : 0.003998756408691406
DEBUG:root:Total time : 0.023996829986572266
DEBUG:root:1646833907.6381903: (neutral 0.42)
DEBUG:root:Inference Time : 0.0030031204223632812
DEBUG:root:Total time : 0.02300429344177246
DEBUG:root:1646833907.6721945: (neutral 0.45)
DEBUG:root:Inference Time : 0.004008293151855469
DEBUG:root:Total time : 0.027018070220947266
DEBUG:root:1646833907.7051911: (neutral 0.57)
DEBUG:root:Inference Time : 0.003006458282470703
DEBUG:root:Total time : 0.02600860595703125
DEBUG:root:1646833907.7531896: (fear 0.41)
DEBUG:root:Inference Time : 0.003997087478637695
DEBUG:root:Total time : 0.04100155830383301
DEBUG:root:1646833907.7741947: (fear 0.41)
DEBUG:root:Inference Time : 0.003996849060058594
DEBUG:root:Total time : 0.013998985290527344
DEBUG:root:1646833907.7931895: (fear 0.35)
DEBUG:root:Inference Time : 0.0030002593994140625
DEBUG:root:Total time : 0.01199960708618164
DEBUG:root:1646833907.8151917: (neutral 0.56)
DEBUG:root:Inference Time : 0.0040035247802734375
DEBUG:root:Total time : 0.015004873275756836
DEBUG:root:1646833907.8481932: (neutral 0.32)
DEBUG:root:Inference Time : 0.004004001617431641
DEBUG:root:Total time : 0.025996685028076172
DEBUG:root:1646833907.8811932: (fear 0.39)
DEBUG:root:Inference Time : 0.003000020980834961
DEBUG:root:Total time : 0.027006149291992188
DEBUG:root:1646833907.9131932: (neutral 0.34)
DEBUG:root:Inference Time : 0.0030002593994140625
DEBUG:root:Total time : 0.025003433227539062
DEBUG:root:1646833907.9761875: (fear 0.44)
DEBUG:root:Inference Time : 0.0019960403442382812
DEBUG:root:Total time : 0.05499577522277832
DEBUG:root:1646833908.0072026: (neutral 0.36)
DEBUG:root:Inference Time : 0.0030078887939453125
DEBUG:root:Total time : 0.025002479553222656
DEBUG:root:1646833908.0401893: (neutral 0.35)
DEBUG:root:Inference Time : 0.003996133804321289
DEBUG:root:Total time : 0.02699756622314453
DEBUG:root:1646833908.0881915: (angry 0.33)
DEBUG:root:Inference Time : 0.0029964447021484375
DEBUG:root:Total time : 0.04100298881530762
DEBUG:root:1646833908.1072047: (angry 0.33)
DEBUG:root:Inference Time : 0.0039958953857421875
DEBUG:root:Total time : 0.012001276016235352
DEBUG:root:1646833908.1261961: (neutral 0.5)
DEBUG:root:Inference Time : 0.0030012130737304688
DEBUG:root:Total time : 0.012001752853393555
DEBUG:root:1646833908.1511893: (neutral 0.34)
DEBUG:root:Inference Time : 0.0030014514923095703
DEBUG:root:Total time : 0.018004894256591797
DEBUG:root:1646833908.1831908: (neutral 0.36)
DEBUG:root:Inference Time : 0.001995086669921875
DEBUG:root:Total time : 0.02500629425048828
DEBUG:root:1646833908.2151923: (neutral 0.54)
DEBUG:root:Inference Time : 0.003000974655151367
DEBUG:root:Total time : 0.024997234344482422
DEBUG:root:1646833908.2471902: (neutral 0.65)
DEBUG:root:Inference Time : 0.00299835205078125
DEBUG:root:Total time : 0.026004552841186523
DEBUG:root:1646833908.2811947: (neutral 0.6)
DEBUG:root:Inference Time : 0.0029990673065185547
DEBUG:root:Total time : 0.027004003524780273
DEBUG:root:1646833908.310187: (neutral 0.69)
DEBUG:root:Inference Time : 0.001995563507080078
DEBUG:root:Total time : 0.022001981735229492
DEBUG:root:1646833908.3781934: (neutral 0.8)
DEBUG:root:Inference Time : 0.0029997825622558594
DEBUG:root:Total time : 0.060996294021606445
DEBUG:root:1646833908.4251945: (neutral 0.61)
DEBUG:root:Inference Time : 0.004003286361694336
DEBUG:root:Total time : 0.040007829666137695
DEBUG:root:1646833908.4471908: (neutral 0.61)
DEBUG:root:Inference Time : 0.0029976367950439453
DEBUG:root:Total time : 0.014003992080688477
DEBUG:root:1646833908.4671896: (neutral 0.68)
DEBUG:root:Inference Time : 0.002001047134399414
DEBUG:root:Total time : 0.01399993896484375
DEBUG:root:1646833908.4901953: (neutral 0.69)
DEBUG:root:Inference Time : 0.003000497817993164
DEBUG:root:Total time : 0.01799917221069336
DEBUG:root:1646833908.5241954: (neutral 0.66)
DEBUG:root:Inference Time : 0.004000663757324219
DEBUG:root:Total time : 0.026999950408935547
DEBUG:root:1646833908.55419: (neutral 0.67)
DEBUG:root:Inference Time : 0.003998994827270508
DEBUG:root:Total time : 0.02299642562866211
DEBUG:root:1646833908.5851903: (neutral 0.65)
DEBUG:root:Inference Time : 0.004000425338745117
DEBUG:root:Total time : 0.02400040626525879
DEBUG:root:1646833908.6181946: (neutral 0.62)
DEBUG:root:Inference Time : 0.0030002593994140625
DEBUG:root:Total time : 0.026000022888183594
DEBUG:root:1646833908.650196: (neutral 0.72)
DEBUG:root:Inference Time : 0.003998756408691406
DEBUG:root:Total time : 0.025001049041748047
DEBUG:root:1646833908.682192: (neutral 0.56)
DEBUG:root:Inference Time : 0.002999544143676758
DEBUG:root:Total time : 0.025000572204589844
DEBUG:root:1646833908.7141902: (neutral 0.65)
DEBUG:root:Inference Time : 0.00299835205078125
DEBUG:root:Total time : 0.02499985694885254
DEBUG:root:1646833908.7611904: (neutral 0.67)
DEBUG:root:Inference Time : 0.0029938220977783203
DEBUG:root:Total time : 0.04000234603881836
DEBUG:root:1646833908.796192: (neutral 0.55)
DEBUG:root:Inference Time : 0.0029990673065185547
DEBUG:root:Total time : 0.028002500534057617
DEBUG:root:1646833908.8252177: (neutral 0.65)
DEBUG:root:Inference Time : 0.0030252933502197266
DEBUG:root:Total time : 0.022004365921020508
DEBUG:root:1646833908.8581953: (neutral 0.53)
DEBUG:root:Inference Time : 0.003005504608154297
DEBUG:root:Total time : 0.026006698608398438
DEBUG:root:1646833908.8911982: (neutral 0.62)
DEBUG:root:Inference Time : 0.003997802734375
DEBUG:root:Total time : 0.02599954605102539
DEBUG:root:1646833908.9211915: (neutral 0.58)
DEBUG:root:Inference Time : 0.0029976367950439453
DEBUG:root:Total time : 0.02300238609313965
DEBUG:root:1646833908.9531934: (neutral 0.63)
DEBUG:root:Inference Time : 0.003998994827270508
DEBUG:root:Total time : 0.024998903274536133
DEBUG:root:1646833908.9851892: (neutral 0.68)
DEBUG:root:Inference Time : 0.003998517990112305
DEBUG:root:Total time : 0.02499985694885254
DEBUG:root:1646833909.017194: (neutral 0.42)
DEBUG:root:Inference Time : 0.002999544143676758
DEBUG:root:Total time : 0.025002002716064453
DEBUG:root:1646833909.049196: (neutral 0.6)
DEBUG:root:Inference Time : 0.003004312515258789
DEBUG:root:Total time : 0.025001049041748047
DEBUG:root:1646833909.0801926: (neutral 0.46)
DEBUG:root:Inference Time : 0.003998756408691406
DEBUG:root:Total time : 0.02399587631225586
DEBUG:root:1646833909.129191: (neutral 0.48)
DEBUG:root:Inference Time : 0.003999233245849609
DEBUG:root:Total time : 0.04100203514099121
DEBUG:root:1646833909.1611896: (neutral 0.44)
DEBUG:root:Inference Time : 0.0039942264556884766
DEBUG:root:Total time : 0.026000499725341797
DEBUG:root:1646833909.1941931: (neutral 0.52)
DEBUG:root:Inference Time : 0.003999233245849609
DEBUG:root:Total time : 0.025003910064697266
DEBUG:root:1646833909.2251935: (neutral 0.59)
DEBUG:root:Inference Time : 0.004004478454589844
DEBUG:root:Total time : 0.025003910064697266
DEBUG:root:1646833909.2571945: (neutral 0.49)
DEBUG:root:Inference Time : 0.004004001617431641
DEBUG:root:Total time : 0.02500009536743164
DEBUG:root:1646833909.2911978: (neutral 0.5)
DEBUG:root:Inference Time : 0.003998994827270508
DEBUG:root:Total time : 0.02800464630126953
DEBUG:root:1646833909.3221905: (neutral 0.77)
DEBUG:root:Inference Time : 0.003995418548583984
DEBUG:root:Total time : 0.023003101348876953
DEBUG:root:1646833909.3521922: (neutral 0.72)
DEBUG:root:Inference Time : 0.0039997100830078125
DEBUG:root:Total time : 0.023003578186035156
DEBUG:root:1646833909.3851907: (neutral 0.65)
DEBUG:root:Inference Time : 0.0029997825622558594
DEBUG:root:Total time : 0.026001691818237305
DEBUG:root:1646833909.4181893: (neutral 0.63)
DEBUG:root:Inference Time : 0.003998994827270508
DEBUG:root:Total time : 0.026003360748291016
DEBUG:root:1646833909.4671903: (neutral 0.67)
DEBUG:root:Inference Time : 0.0029973983764648438
DEBUG:root:Total time : 0.04199981689453125
DEBUG:root:1646833909.4991915: (neutral 0.66)
DEBUG:root:Inference Time : 0.002992391586303711
DEBUG:root:Total time : 0.024975061416625977
DEBUG:root:1646833909.5301929: (neutral 0.58)
DEBUG:root:Inference Time : 0.003002166748046875
DEBUG:root:Total time : 0.023996829986572266
DEBUG:root:1646833909.561194: (neutral 0.7)
DEBUG:root:Inference Time : 0.002993345260620117
DEBUG:root:Total time : 0.023995161056518555
DEBUG:root:1646833909.5932312: (neutral 0.73)
DEBUG:root:Inference Time : 0.003998279571533203
DEBUG:root:Total time : 0.02500176429748535
DEBUG:root:1646833909.6251967: (neutral 0.8)
DEBUG:root:Inference Time : 0.0030050277709960938
DEBUG:root:Total time : 0.025034189224243164
DEBUG:root:1646833909.6571941: (neutral 0.78)
DEBUG:root:Inference Time : 0.0029947757720947266
DEBUG:root:Total time : 0.025007009506225586
DEBUG:root:1646833909.6901913: (neutral 0.73)
DEBUG:root:Inference Time : 0.0040013790130615234
DEBUG:root:Total time : 0.027003049850463867
DEBUG:root:1646833909.7211905: (neutral 0.69)
DEBUG:root:Inference Time : 0.00299835205078125
DEBUG:root:Total time : 0.023000717163085938
DEBUG:root:1646833909.7521908: (neutral 0.71)
DEBUG:root:Inference Time : 0.00299835205078125
DEBUG:root:Total time : 0.024001359939575195
DEBUG:root:1646833909.8001907: (neutral 0.75)
DEBUG:root:Inference Time : 0.003998756408691406
DEBUG:root:Total time : 0.040999412536621094
DEBUG:root:1646833909.8331914: (neutral 0.52)
DEBUG:root:Inference Time : 0.0029976367950439453
DEBUG:root:Total time : 0.02600574493408203
DEBUG:root:1646833909.86519: (neutral 0.67)
DEBUG:root:Inference Time : 0.0039975643157958984
DEBUG:root:Total time : 0.02500152587890625
DEBUG:root:1646833909.89819: (neutral 0.72)
DEBUG:root:Inference Time : 0.0040018558502197266
DEBUG:root:Total time : 0.025999069213867188
DEBUG:root:1646833909.929188: (neutral 0.8)
DEBUG:root:Inference Time : 0.0029718875885009766
DEBUG:root:Total time : 0.024000883102416992
DEBUG:root:1646833909.9611905: (neutral 0.63)
DEBUG:root:Inference Time : 0.0029959678649902344
DEBUG:root:Total time : 0.02500295639038086
DEBUG:root:1646833909.9931931: (neutral 0.79)
DEBUG:root:Inference Time : 0.004005908966064453
DEBUG:root:Total time : 0.02500629425048828
DEBUG:root:1646833910.0231872: (neutral 0.56)
DEBUG:root:Inference Time : 0.002998828887939453
DEBUG:root:Total time : 0.02299809455871582
DEBUG:root:1646833910.0561862: (neutral 0.79)
DEBUG:root:Inference Time : 0.0019960403442382812
DEBUG:root:Total time : 0.02599811553955078
DEBUG:root:1646833910.091191: (neutral 0.69)
DEBUG:root:Inference Time : 0.0029985904693603516
DEBUG:root:Total time : 0.02800464630126953
DEBUG:root:1646833910.1371875: (neutral 0.56)
DEBUG:root:Inference Time : 0.003994464874267578
DEBUG:root:Total time : 0.03799796104431152
DEBUG:root:1646833910.1691928: (neutral 0.42)
DEBUG:root:Inference Time : 0.0029985904693603516
DEBUG:root:Total time : 0.026005983352661133
DEBUG:root:1646833910.2001894: (neutral 0.47)
DEBUG:root:Inference Time : 0.004001617431640625
DEBUG:root:Total time : 0.02400350570678711
DEBUG:root:1646833910.2321904: (neutral 0.75)
DEBUG:root:Inference Time : 0.0029976367950439453
DEBUG:root:Total time : 0.025001049041748047
DEBUG:root:1646833910.2651906: (neutral 0.64)
DEBUG:root:Inference Time : 0.0029985904693603516
DEBUG:root:Total time : 0.02500152587890625
DEBUG:root:1646833910.297191: (neutral 0.61)
DEBUG:root:Inference Time : 0.0029964447021484375
DEBUG:root:Total time : 0.026002168655395508
DEBUG:root:1646833910.329187: (neutral 0.64)
DEBUG:root:Inference Time : 0.003992557525634766
DEBUG:root:Total time : 0.023997783660888672
DEBUG:root:1646833910.3601923: (neutral 0.76)
DEBUG:root:Inference Time : 0.003998756408691406
DEBUG:root:Total time : 0.024004220962524414
DEBUG:root:1646833910.3932273: (neutral 0.43)
DEBUG:root:Inference Time : 0.004037618637084961
DEBUG:root:Total time : 0.026004314422607422
DEBUG:root:1646833910.4251919: (neutral 0.69)
DEBUG:root:Inference Time : 0.003000974655151367
DEBUG:root:Total time : 0.024001121520996094
DEBUG:root:1646833910.4731896: (neutral 0.68)
DEBUG:root:Inference Time : 0.004001617431640625
DEBUG:root:Total time : 0.04100346565246582
DEBUG:root:1646833910.505189: (neutral 0.6)
DEBUG:root:Inference Time : 0.0029942989349365234
DEBUG:root:Total time : 0.02400040626525879
DEBUG:root:1646833910.5371885: (neutral 0.54)
DEBUG:root:Inference Time : 0.003996849060058594
DEBUG:root:Total time : 0.02400040626525879
DEBUG:root:1646833910.5691931: (neutral 0.61)
DEBUG:root:Inference Time : 0.003998279571533203
DEBUG:root:Total time : 0.026006460189819336
DEBUG:root:1646833910.6021926: (neutral 0.56)
DEBUG:root:Inference Time : 0.0030019283294677734
DEBUG:root:Total time : 0.025002241134643555
DEBUG:root:1646833910.6331937: (neutral 0.35)
DEBUG:root:Inference Time : 0.0039980411529541016
DEBUG:root:Total time : 0.02400803565979004
DEBUG:root:1646833910.665195: (neutral 0.47)
DEBUG:root:Inference Time : 0.003004312515258789
DEBUG:root:Total time : 0.025000333786010742
DEBUG:root:1646833910.6971982: (neutral 0.56)
DEBUG:root:Inference Time : 0.00400233268737793
DEBUG:root:Total time : 0.025004863739013672
DEBUG:root:1646833910.7301898: (neutral 0.31)
DEBUG:root:Inference Time : 0.0029664039611816406
DEBUG:root:Total time : 0.026003599166870117
DEBUG:root:1646833910.7621946: (neutral 0.37)
DEBUG:root:Inference Time : 0.0039997100830078125
DEBUG:root:Total time : 0.0250089168548584
DEBUG:root:1646833910.7931995: (neutral 0.41)
DEBUG:root:Inference Time : 0.0050356388092041016
DEBUG:root:Total time : 0.024033784866333008
DEBUG:root:1646833910.8441956: (fear 0.35)
DEBUG:root:Inference Time : 0.0040018558502197266
DEBUG:root:Total time : 0.04399871826171875
DEBUG:root:1646833910.8741913: (neutral 0.42)
DEBUG:root:Inference Time : 0.004004240036010742
DEBUG:root:Total time : 0.02400684356689453
DEBUG:root:1646833910.9051876: (neutral 0.45)
DEBUG:root:Inference Time : 0.0029926300048828125
DEBUG:root:Total time : 0.02299809455871582
DEBUG:root:1646833910.9371893: (neutral 0.42)
DEBUG:root:Inference Time : 0.0030002593994140625
DEBUG:root:Total time : 0.024996042251586914
DEBUG:root:1646833910.969189: (neutral 0.31)
DEBUG:root:Inference Time : 0.0029938220977783203
DEBUG:root:Total time : 0.02500176429748535
DEBUG:root:1646833911.001191: (neutral 0.45)
DEBUG:root:Inference Time : 0.0029993057250976562
DEBUG:root:Total time : 0.025001049041748047
DEBUG:root:1646833911.0321908: (neutral 0.41)
DEBUG:root:Inference Time : 0.003997802734375
DEBUG:root:Total time : 0.02400374412536621
DEBUG:root:1646833911.0641887: (neutral 0.27)
DEBUG:root:Inference Time : 0.0029964447021484375
DEBUG:root:Total time : 0.025004148483276367
DEBUG:root:1646833911.0971951: (neutral 0.47)
DEBUG:root:Inference Time : 0.003957271575927734
DEBUG:root:Total time : 0.02700209617614746
DEBUG:root:1646833911.1281903: (neutral 0.35)
DEBUG:root:Inference Time : 0.003995656967163086
DEBUG:root:Total time : 0.024006366729736328
DEBUG:root:1646833911.175195: (fear 0.29)
DEBUG:root:Inference Time : 0.003008604049682617
DEBUG:root:Total time : 0.04001140594482422
DEBUG:root:1646833911.2071888: (neutral 0.37)
DEBUG:root:Inference Time : 0.0019996166229248047
DEBUG:root:Total time : 0.024000883102416992
DEBUG:root:1646833911.2442038: (neutral 0.28)
DEBUG:root:Inference Time : 0.006001949310302734
DEBUG:root:Total time : 0.031000137329101562
DEBUG:root:1646833911.2711892: (neutral 0.34)
DEBUG:root:Inference Time : 0.0019996166229248047
DEBUG:root:Total time : 0.019002676010131836
DEBUG:root:1646833911.302194: (neutral 0.44)
DEBUG:root:Inference Time : 0.0030014514923095703
DEBUG:root:Total time : 0.024999380111694336
DEBUG:root:1646833911.3331902: (neutral 0.33)
DEBUG:root:Inference Time : 0.0029990673065185547
DEBUG:root:Total time : 0.02399897575378418
DEBUG:root:1646833911.3681903: (neutral 0.44)
DEBUG:root:Inference Time : 0.002998828887939453
DEBUG:root:Total time : 0.029003381729125977
DEBUG:root:1646833911.4001875: (neutral 0.38)
DEBUG:root:Inference Time : 0.00400233268737793
DEBUG:root:Total time : 0.026000499725341797
DEBUG:root:1646833911.4321892: (neutral 0.34)
DEBUG:root:Inference Time : 0.0029973983764648438
DEBUG:root:Total time : 0.02500152587890625
DEBUG:root:1646833911.4621897: (neutral 0.38)
DEBUG:root:Inference Time : 0.002996683120727539
DEBUG:root:Total time : 0.02400660514831543
DEBUG:root:1646833911.5131898: (neutral 0.43)
DEBUG:root:Inference Time : 0.002956390380859375
DEBUG:root:Total time : 0.043999671936035156
DEBUG:root:1646833911.5311916: (neutral 0.43)
DEBUG:root:Inference Time : 0.0029900074005126953
DEBUG:root:Total time : 0.01201009750366211
DEBUG:root:1646833911.574188: (neutral 0.37)
DEBUG:root:Inference Time : 0.0019958019256591797
DEBUG:root:Total time : 0.03600740432739258
DEBUG:root:1646833911.6061864: (surprise 0.29)
DEBUG:root:Inference Time : 0.002999544143676758
DEBUG:root:Total time : 0.02499985694885254
DEBUG:root:1646833911.6421893: (neutral 0.41)
DEBUG:root:Inference Time : 0.0029985904693603516
DEBUG:root:Total time : 0.029000282287597656
DEBUG:root:1646833911.6711912: (fear 0.28)
DEBUG:root:Inference Time : 0.0019986629486083984
DEBUG:root:Total time : 0.021998882293701172
DEBUG:root:1646833911.7041898: (surprise 0.39)
DEBUG:root:Inference Time : 0.002000570297241211
DEBUG:root:Total time : 0.025997161865234375
DEBUG:root:1646833911.7362025: (surprise 0.41)
DEBUG:root:Inference Time : 0.003010272979736328
DEBUG:root:Total time : 0.026009559631347656
DEBUG:root:1646833911.7681901: (surprise 0.46)
DEBUG:root:Inference Time : 0.0029926300048828125
DEBUG:root:Total time : 0.02498149871826172
DEBUG:root:1646833911.8011956: (angry 0.37)
DEBUG:root:Inference Time : 0.002997875213623047
DEBUG:root:Total time : 0.027007341384887695
DEBUG:root:1646833911.8471942: (surprise 0.34)
DEBUG:root:Inference Time : 0.00399327278137207
DEBUG:root:Total time : 0.039000749588012695
DEBUG:root:1646833911.8681905: (surprise 0.34)
DEBUG:root:Inference Time : 0.0029990673065185547
DEBUG:root:Total time : 0.014000654220581055
DEBUG:root:1646833911.8901927: (surprise 0.32)
DEBUG:root:Inference Time : 0.002998828887939453
DEBUG:root:Total time : 0.016007423400878906
DEBUG:root:1646833911.9131918: (fear 0.26)
DEBUG:root:Inference Time : 0.0030002593994140625
DEBUG:root:Total time : 0.01599597930908203
DEBUG:root:1646833911.9791913: (surprise 0.45)
DEBUG:root:Inference Time : 0.0029997825622558594
DEBUG:root:Total time : 0.05900883674621582
DEBUG:root:1646833912.008189: (angry 0.33)
DEBUG:root:Inference Time : 0.0019979476928710938
DEBUG:root:Total time : 0.0220029354095459
DEBUG:root:1646833912.042191: (surprise 0.39)
DEBUG:root:Inference Time : 0.004000425338745117
DEBUG:root:Total time : 0.02700495719909668
DEBUG:root:1646833912.0751884: (surprise 0.33)
DEBUG:root:Inference Time : 0.003992319107055664
DEBUG:root:Total time : 0.026001930236816406
DEBUG:root:1646833912.1031964: (surprise 0.32)
DEBUG:root:Inference Time : 0.0029990673065185547
DEBUG:root:Total time : 0.02099895477294922
DEBUG:root:1646833912.1331894: (surprise 0.23)
DEBUG:root:Inference Time : 0.002995729446411133
DEBUG:root:Total time : 0.023999929428100586
DEBUG:root:1646833912.1841912: (surprise 0.36)
DEBUG:root:Inference Time : 0.0029981136322021484
DEBUG:root:Total time : 0.04400634765625
DEBUG:root:1646833912.2041914: (surprise 0.36)
DEBUG:root:Inference Time : 0.0029916763305664062
DEBUG:root:Total time : 0.012998104095458984
DEBUG:root:1646833912.2241905: (surprise 0.4)
DEBUG:root:Inference Time : 0.002000093460083008
DEBUG:root:Total time : 0.01300191879272461
DEBUG:root:1646833912.2481933: (surprise 0.27)
DEBUG:root:Inference Time : 0.003998279571533203
DEBUG:root:Total time : 0.017000198364257812
DEBUG:root:1646833912.279193: (surprise 0.3)
DEBUG:root:Inference Time : 0.003002166748046875
DEBUG:root:Total time : 0.024004697799682617
DEBUG:root:1646833912.3141904: (surprise 0.32)
DEBUG:root:Inference Time : 0.00499725341796875
DEBUG:root:Total time : 0.027002573013305664
DEBUG:root:1646833912.374186: (fear 0.3)
DEBUG:root:Inference Time : 0.0019943714141845703
DEBUG:root:Total time : 0.052999258041381836
DEBUG:root:1646833912.4111903: (fear 0.24)
DEBUG:root:Inference Time : 0.004009246826171875
DEBUG:root:Total time : 0.031006813049316406
DEBUG:root:1646833912.4391863: (fear 0.35)
DEBUG:root:Inference Time : 0.001994609832763672
DEBUG:root:Total time : 0.021001100540161133
DEBUG:root:1646833912.4711866: (angry 0.28)
DEBUG:root:Inference Time : 0.0019903182983398438
DEBUG:root:Total time : 0.026003122329711914
DEBUG:root:1646833912.5031896: (fear 0.29)
DEBUG:root:Inference Time : 0.002996683120727539
DEBUG:root:Total time : 0.02499985694885254
DEBUG:root:1646833912.5521917: (fear 0.31)
DEBUG:root:Inference Time : 0.00299835205078125
DEBUG:root:Total time : 0.04199957847595215
DEBUG:root:1646833912.5731876: (fear 0.31)
DEBUG:root:Inference Time : 0.0029942989349365234
DEBUG:root:Total time : 0.013998031616210938
DEBUG:root:1646833912.5911906: (surprise 0.27)
DEBUG:root:Inference Time : 0.0019965171813964844
DEBUG:root:Total time : 0.012001752853393555
DEBUG:root:1646833912.6161926: (fear 0.26)
DEBUG:root:Inference Time : 0.003001689910888672
DEBUG:root:Total time : 0.01900339126586914
DEBUG:root:1646833912.6471884: (surprise 0.25)
DEBUG:root:Inference Time : 0.0039937496185302734
DEBUG:root:Total time : 0.02400517463684082
DEBUG:root:1646833912.6801932: (fear 0.22)
DEBUG:root:Inference Time : 0.004000663757324219
DEBUG:root:Total time : 0.026004552841186523
DEBUG:root:1646833912.712189: (surprise 0.23)
DEBUG:root:Inference Time : 0.004002094268798828
DEBUG:root:Total time : 0.025007247924804688
DEBUG:root:1646833912.7771888: (surprise 0.41)
DEBUG:root:Inference Time : 0.003992795944213867
DEBUG:root:Total time : 0.060004234313964844
DEBUG:root:1646833912.8111978: (surprise 0.33)
DEBUG:root:Inference Time : 0.0030035972595214844
DEBUG:root:Total time : 0.025997400283813477
DEBUG:root:1646833912.839189: (fear 0.33)
DEBUG:root:Inference Time : 0.001997709274291992
DEBUG:root:Total time : 0.021001100540161133
DEBUG:root:1646833912.8891878: (fear 0.27)
DEBUG:root:Inference Time : 0.00400543212890625
DEBUG:root:Total time : 0.0440065860748291
DEBUG:root:1646833912.9111946: (fear 0.27)
DEBUG:root:Inference Time : 0.004003763198852539
DEBUG:root:Total time : 0.015997886657714844
DEBUG:root:1646833912.934194: (fear 0.28)
DEBUG:root:Inference Time : 0.003997802734375
DEBUG:root:Total time : 0.015003681182861328
DEBUG:root:1646833912.9551978: (fear 0.31)
DEBUG:root:Inference Time : 0.004001617431640625
DEBUG:root:Total time : 0.014007329940795898
DEBUG:root:1646833912.9851918: (fear 0.32)
DEBUG:root:Inference Time : 0.0039958953857421875
DEBUG:root:Total time : 0.02300119400024414
DEBUG:root:1646833913.0171957: (surprise 0.34)
DEBUG:root:Inference Time : 0.0039975643157958984
DEBUG:root:Total time : 0.025005102157592773
DEBUG:root:1646833913.0501926: (fear 0.29)
DEBUG:root:Inference Time : 0.002996206283569336
DEBUG:root:Total time : 0.026010990142822266
DEBUG:root:1646833913.0811899: (surprise 0.32)
DEBUG:root:Inference Time : 0.003995656967163086
DEBUG:root:Total time : 0.02400684356689453
DEBUG:root:1646833913.1111932: (fear 0.28)
DEBUG:root:Inference Time : 0.0029993057250976562
DEBUG:root:Total time : 0.023005962371826172
DEBUG:root:1646833913.174189: (surprise 0.34)
DEBUG:root:Inference Time : 0.0019943714141845703
DEBUG:root:Total time : 0.05599856376647949
DEBUG:root:1646833913.2231953: (surprise 0.31)
DEBUG:root:Inference Time : 0.002001523971557617
DEBUG:root:Total time : 0.04301047325134277
DEBUG:root:1646833913.241193: (surprise 0.31)
DEBUG:root:Inference Time : 0.0019991397857666016
DEBUG:root:Total time : 0.012007951736450195
DEBUG:root:1646833913.2631936: (surprise 0.32)
DEBUG:root:Inference Time : 0.0030002593994140625
DEBUG:root:Total time : 0.015002250671386719
DEBUG:root:1646833913.288195: (surprise 0.35)
DEBUG:root:Inference Time : 0.001998424530029297
DEBUG:root:Total time : 0.018008708953857422
DEBUG:root:1646833913.3171916: (surprise 0.3)
DEBUG:root:Inference Time : 0.0030012130737304688
DEBUG:root:Total time : 0.022993087768554688
DEBUG:root:1646833913.3491964: (surprise 0.3)
DEBUG:root:Inference Time : 0.0020034313201904297
DEBUG:root:Total time : 0.02399897575378418
DEBUG:root:1646833913.384192: (surprise 0.24)
DEBUG:root:Inference Time : 0.004002809524536133
DEBUG:root:Total time : 0.02800726890563965
DEBUG:root:1646833913.4171932: (surprise 0.24)
DEBUG:root:Inference Time : 0.0039708614349365234
DEBUG:root:Total time : 0.02500295639038086
DEBUG:root:1646833913.4461968: (surprise 0.25)
DEBUG:root:Inference Time : 0.004000425338745117
DEBUG:root:Total time : 0.022001981735229492
DEBUG:root:1646833913.4781952: (neutral 0.3)
DEBUG:root:Inference Time : 0.0030062198638916016
DEBUG:root:Total time : 0.02501082420349121
DEBUG:root:1646833913.5131896: (neutral 0.44)
DEBUG:root:Inference Time : 0.00400090217590332
DEBUG:root:Total time : 0.027997732162475586
DEBUG:root:1646833913.5601888: (neutral 0.46)
DEBUG:root:Inference Time : 0.0030040740966796875
DEBUG:root:Total time : 0.04000520706176758
DEBUG:root:1646833913.5921898: (neutral 0.65)
DEBUG:root:Inference Time : 0.001996755599975586
DEBUG:root:Total time : 0.02500009536743164
DEBUG:root:1646833913.6211894: (neutral 0.37)
DEBUG:root:Inference Time : 0.001993894577026367
DEBUG:root:Total time : 0.02200460433959961
DEBUG:root:1646833913.6531916: (neutral 0.7)
DEBUG:root:Inference Time : 0.0019998550415039062
DEBUG:root:Total time : 0.02600407600402832
DEBUG:root:1646833913.6871886: (neutral 0.41)
DEBUG:root:Inference Time : 0.00299835205078125
DEBUG:root:Total time : 0.028005123138427734
DEBUG:root:1646833913.7171876: (angry 0.37)
DEBUG:root:Inference Time : 0.0029993057250976562
DEBUG:root:Total time : 0.023998022079467773
DEBUG:root:1646833913.752188: (fear 0.32)
DEBUG:root:Inference Time : 0.003000497817993164
DEBUG:root:Total time : 0.02800273895263672
DEBUG:root:1646833913.7831895: (surprise 0.44)
DEBUG:root:Inference Time : 0.002997159957885742
DEBUG:root:Total time : 0.025003433227539062
DEBUG:root:1646833913.8161883: (surprise 0.49)
DEBUG:root:Inference Time : 0.0029935836791992188
DEBUG:root:Total time : 0.027002811431884766
DEBUG:root:1646833913.8461912: (surprise 0.67)
DEBUG:root:Inference Time : 0.0030014514923095703
DEBUG:root:Total time : 0.02300405502319336
DEBUG:root:1646833913.8971915: (fear 0.37)
DEBUG:root:Inference Time : 0.003000497817993164
DEBUG:root:Total time : 0.04500436782836914
DEBUG:root:1646833913.929221: (surprise 0.54)
DEBUG:root:Inference Time : 0.003030538558959961
DEBUG:root:Total time : 0.025997400283813477
DEBUG:root:1646833913.9591858: (surprise 0.57)
DEBUG:root:Inference Time : 0.0029921531677246094
DEBUG:root:Total time : 0.023005247116088867
DEBUG:root:1646833913.990185: (surprise 0.51)
DEBUG:root:Inference Time : 0.001998424530029297
DEBUG:root:Total time : 0.02399420738220215
DEBUG:root:1646833914.0231924: (fear 0.36)
DEBUG:root:Inference Time : 0.0019981861114501953
DEBUG:root:Total time : 0.026007890701293945
DEBUG:root:1646833914.054189: (surprise 0.5)
DEBUG:root:Inference Time : 0.0029985904693603516
DEBUG:root:Total time : 0.02399730682373047
DEBUG:root:1646833914.0871923: (fear 0.39)
DEBUG:root:Inference Time : 0.0030012130737304688
DEBUG:root:Total time : 0.026004314422607422
DEBUG:root:1646833914.1161866: (fear 0.45)
DEBUG:root:Inference Time : 0.0019948482513427734
DEBUG:root:Total time : 0.023004770278930664
DEBUG:root:1646833914.1501904: (fear 0.42)
DEBUG:root:Inference Time : 0.002000570297241211
DEBUG:root:Total time : 0.027004241943359375
DEBUG:root:1646833914.182192: (fear 0.45)
DEBUG:root:Inference Time : 0.0029964447021484375
DEBUG:root:Total time : 0.02500152587890625
DEBUG:root:1646833914.23119: (neutral 0.33)
DEBUG:root:Inference Time : 0.0039980411529541016
DEBUG:root:Total time : 0.04200410842895508
DEBUG:root:1646833914.265192: (fear 0.33)
DEBUG:root:Inference Time : 0.002996683120727539
DEBUG:root:Total time : 0.028000593185424805
DEBUG:root:1646833914.2951877: (fear 0.39)
DEBUG:root:Inference Time : 0.004002094268798828
DEBUG:root:Total time : 0.023006439208984375
DEBUG:root:1646833914.327189: (fear 0.45)
DEBUG:root:Inference Time : 0.0019943714141845703
DEBUG:root:Total time : 0.023998737335205078
DEBUG:root:1646833914.359189: (surprise 0.42)
DEBUG:root:Inference Time : 0.0029993057250976562
DEBUG:root:Total time : 0.025998592376708984
DEBUG:root:1646833914.3931882: (surprise 0.55)
DEBUG:root:Inference Time : 0.0029931068420410156
DEBUG:root:Total time : 0.027004718780517578
DEBUG:root:1646833914.4231877: (surprise 0.49)
DEBUG:root:Inference Time : 0.002993345260620117
DEBUG:root:Total time : 0.02299642562866211
DEBUG:root:1646833914.4541936: (surprise 0.65)
DEBUG:root:Inference Time : 0.001995563507080078
DEBUG:root:Total time : 0.024996519088745117
DEBUG:root:1646833914.4871929: (surprise 0.41)
DEBUG:root:Inference Time : 0.002003192901611328
DEBUG:root:Total time : 0.02700495719909668
DEBUG:root:1646833914.5181901: (fear 0.38)
DEBUG:root:Inference Time : 0.0030019283294677734
DEBUG:root:Total time : 0.02400374412536621
DEBUG:root:1646833914.5501928: (surprise 0.37)
DEBUG:root:Inference Time : 0.0029921531677246094
DEBUG:root:Total time : 0.025008201599121094
DEBUG:root:1646833914.600189: (surprise 0.57)
DEBUG:root:Inference Time : 0.002992391586303711
DEBUG:root:Total time : 0.04300093650817871
DEBUG:root:1646833914.6281893: (surprise 0.47)
DEBUG:root:Inference Time : 0.0030066967010498047
DEBUG:root:Total time : 0.021010160446166992
DEBUG:root:1646833914.6651905: (surprise 0.56)
DEBUG:root:Inference Time : 0.002995729446411133
DEBUG:root:Total time : 0.029001951217651367
DEBUG:root:1646833914.6931887: (surprise 0.51)
DEBUG:root:Inference Time : 0.002001523971557617
DEBUG:root:Total time : 0.022001028060913086
DEBUG:root:1646833914.7261887: (fear 0.39)
DEBUG:root:Inference Time : 0.002002716064453125
DEBUG:root:Total time : 0.02500152587890625
DEBUG:root:1646833914.7581875: (surprise 0.54)
DEBUG:root:Inference Time : 0.0029964447021484375
DEBUG:root:Total time : 0.025995254516601562
DEBUG:root:1646833914.7911854: (surprise 0.48)
DEBUG:root:Inference Time : 0.0029938220977783203
DEBUG:root:Total time : 0.02600860595703125
DEBUG:root:1646833914.8231895: (surprise 0.57)
DEBUG:root:Inference Time : 0.0029935836791992188
DEBUG:root:Total time : 0.024998903274536133
DEBUG:root:1646833914.8551896: (surprise 0.51)
DEBUG:root:Inference Time : 0.0029947757720947266
DEBUG:root:Total time : 0.02598738670349121
DEBUG:root:1646833914.8871894: (surprise 0.46)
DEBUG:root:Inference Time : 0.0029973983764648438
DEBUG:root:Total time : 0.026002168655395508
DEBUG:root:1646833914.9331865: (surprise 0.38)
DEBUG:root:Inference Time : 0.002979278564453125
DEBUG:root:Total time : 0.038999319076538086
DEBUG:root:1646833914.9661877: (surprise 0.58)
DEBUG:root:Inference Time : 0.002992391586303711
DEBUG:root:Total time : 0.026006221771240234
DEBUG:root:1646833914.9971905: (surprise 0.39)
DEBUG:root:Inference Time : 0.004003047943115234
DEBUG:root:Total time : 0.025006771087646484
DEBUG:root:1646833915.0301921: (fear 0.46)
DEBUG:root:Inference Time : 0.003007173538208008
DEBUG:root:Total time : 0.026003122329711914
DEBUG:root:1646833915.0641944: (surprise 0.6)
DEBUG:root:Inference Time : 0.0030045509338378906
DEBUG:root:Total time : 0.027000904083251953
DEBUG:root:1646833915.0941908: (surprise 0.57)
DEBUG:root:Inference Time : 0.0019981861114501953
DEBUG:root:Total time : 0.023003339767456055
DEBUG:root:1646833915.1271882: (surprise 0.6)
DEBUG:root:Inference Time : 0.001995563507080078
DEBUG:root:Total time : 0.025998592376708984
DEBUG:root:1646833915.1591918: (surprise 0.44)
DEBUG:root:Inference Time : 0.0019969940185546875
DEBUG:root:Total time : 0.02499985694885254
DEBUG:root:1646833915.190187: (surprise 0.37)
DEBUG:root:Inference Time : 0.0019936561584472656
DEBUG:root:Total time : 0.022994518280029297
DEBUG:root:1646833915.2221909: (fear 0.37)
DEBUG:root:Inference Time : 0.00299835205078125
DEBUG:root:Total time : 0.02500152587890625
DEBUG:root:1646833915.2711864: (surprise 0.44)
DEBUG:root:Inference Time : 0.0029976367950439453
DEBUG:root:Total time : 0.04300689697265625
DEBUG:root:1646833915.3061893: (surprise 0.4)
DEBUG:root:Inference Time : 0.006002187728881836
DEBUG:root:Total time : 0.029001474380493164
DEBUG:root:1646833915.3351886: (surprise 0.48)
DEBUG:root:Inference Time : 0.0029981136322021484
DEBUG:root:Total time : 0.020997285842895508
DEBUG:root:1646833915.365191: (surprise 0.48)
DEBUG:root:Inference Time : 0.002997159957885742
DEBUG:root:Total time : 0.024003028869628906
DEBUG:root:1646833915.4001904: (surprise 0.47)
DEBUG:root:Inference Time : 0.003999233245849609
DEBUG:root:Total time : 0.027997732162475586
DEBUG:root:1646833915.431203: (fear 0.41)
DEBUG:root:Inference Time : 0.003011465072631836
DEBUG:root:Total time : 0.024008512496948242
DEBUG:root:1646833915.4611905: (fear 0.41)
DEBUG:root:Inference Time : 0.002997159957885742
DEBUG:root:Total time : 0.0240023136138916
DEBUG:root:1646833915.49419: (neutral 0.34)
DEBUG:root:Inference Time : 0.0019991397857666016
DEBUG:root:Total time : 0.02500128746032715
DEBUG:root:1646833915.5321913: (surprise 0.52)
DEBUG:root:Inference Time : 0.0040013790130615234
DEBUG:root:Total time : 0.03200411796569824
DEBUG:root:1646833915.5581915: (surprise 0.46)
DEBUG:root:Inference Time : 0.0019981861114501953
DEBUG:root:Total time : 0.01800370216369629
DEBUG:root:1646833915.6051986: (surprise 0.47)
DEBUG:root:Inference Time : 0.003001689910888672
DEBUG:root:Total time : 0.040997982025146484
DEBUG:root:1646833915.6401846: (surprise 0.82)
DEBUG:root:Inference Time : 0.003991603851318359
DEBUG:root:Total time : 0.026996374130249023
DEBUG:root:1646833915.6701906: (surprise 0.65)
DEBUG:root:Inference Time : 0.003000020980834961
DEBUG:root:Total time : 0.02399611473083496
DEBUG:root:1646833915.7041888: (surprise 0.78)
DEBUG:root:Inference Time : 0.002995014190673828
DEBUG:root:Total time : 0.027000904083251953
DEBUG:root:1646833915.7371902: (surprise 0.86)
DEBUG:root:Inference Time : 0.002999544143676758
DEBUG:root:Total time : 0.026001691818237305
DEBUG:root:1646833915.76819: (surprise 0.85)
DEBUG:root:Inference Time : 0.002996683120727539
DEBUG:root:Total time : 0.024005413055419922
DEBUG:root:1646833915.8021917: (surprise 0.88)
DEBUG:root:Inference Time : 0.003988027572631836
DEBUG:root:Total time : 0.028001070022583008
DEBUG:root:1646833915.8301892: (surprise 0.85)
DEBUG:root:Inference Time : 0.002999544143676758
DEBUG:root:Total time : 0.02200794219970703
DEBUG:root:1646833915.8631883: (surprise 0.83)
DEBUG:root:Inference Time : 0.002995014190673828
DEBUG:root:Total time : 0.025008440017700195
DEBUG:root:1646833915.896191: (surprise 0.75)
DEBUG:root:Inference Time : 0.004004716873168945
DEBUG:root:Total time : 0.026005268096923828
DEBUG:root:1646833915.9451864: (surprise 0.82)
DEBUG:root:Inference Time : 0.0029921531677246094
DEBUG:root:Total time : 0.0420069694519043
DEBUG:root:1646833915.9771872: (surprise 0.8)
DEBUG:root:Inference Time : 0.0029973983764648438
DEBUG:root:Total time : 0.024996519088745117
DEBUG:root:1646833916.0091863: (surprise 0.5)
DEBUG:root:Inference Time : 0.002994537353515625
DEBUG:root:Total time : 0.024999618530273438
DEBUG:root:1646833916.0411906: (surprise 0.53)
DEBUG:root:Inference Time : 0.003999233245849609
DEBUG:root:Total time : 0.025003433227539062
DEBUG:root:1646833916.07319: (surprise 0.73)
DEBUG:root:Inference Time : 0.0029990673065185547
DEBUG:root:Total time : 0.0259854793548584
DEBUG:root:1646833916.1001918: (surprise 0.77)
DEBUG:root:Inference Time : 0.002984762191772461
DEBUG:root:Total time : 0.020995378494262695
DEBUG:root:1646833916.1341898: (surprise 0.52)
DEBUG:root:Inference Time : 0.0029981136322021484
DEBUG:root:Total time : 0.027009248733520508
DEBUG:root:1646833916.1661887: (surprise 0.54)
DEBUG:root:Inference Time : 0.002995729446411133
DEBUG:root:Total time : 0.026006698608398438
DEBUG:root:1646833916.2001894: (surprise 0.81)
DEBUG:root:Inference Time : 0.0029909610748291016
DEBUG:root:Total time : 0.02700209617614746
DEBUG:root:1646833916.2291882: (surprise 0.78)
DEBUG:root:Inference Time : 0.0019936561584472656
DEBUG:root:Total time : 0.020998001098632812
DEBUG:root:1646833916.2631898: (surprise 0.74)
DEBUG:root:Inference Time : 0.0029997825622558594
DEBUG:root:Total time : 0.027999401092529297
DEBUG:root:1646833916.3091857: (surprise 0.7)
DEBUG:root:Inference Time : 0.001993417739868164
DEBUG:root:Total time : 0.038999080657958984
DEBUG:root:1646833916.327186: (surprise 0.7)
DEBUG:root:Inference Time : 0.001995086669921875
DEBUG:root:Total time : 0.01200556755065918
DEBUG:root:1646833916.375188: (surprise 0.77)
DEBUG:root:Inference Time : 0.002995014190673828
DEBUG:root:Total time : 0.040999650955200195
DEBUG:root:1646833916.4081845: (surprise 0.6)
DEBUG:root:Inference Time : 0.003995656967163086
DEBUG:root:Total time : 0.026997804641723633
DEBUG:root:1646833916.4391935: (surprise 0.54)
DEBUG:root:Inference Time : 0.0030040740966796875
DEBUG:root:Total time : 0.0240023136138916
DEBUG:root:1646833916.4711897: (surprise 0.75)
DEBUG:root:Inference Time : 0.002999544143676758
DEBUG:root:Total time : 0.025007963180541992
DEBUG:root:1646833916.5011883: (surprise 0.66)
DEBUG:root:Inference Time : 0.0019714832305908203
DEBUG:root:Total time : 0.02400040626525879
DEBUG:root:1646833916.5331914: (surprise 0.55)
DEBUG:root:Inference Time : 0.0029985904693603516
DEBUG:root:Total time : 0.02500462532043457
DEBUG:root:1646833916.565194: (surprise 0.51)
DEBUG:root:Inference Time : 0.0040171146392822266
DEBUG:root:Total time : 0.02601909637451172
DEBUG:root:1646833916.6001894: (surprise 0.72)
DEBUG:root:Inference Time : 0.003996849060058594
DEBUG:root:Total time : 0.028004884719848633
DEBUG:root:1646833916.6461878: (surprise 0.74)
DEBUG:root:Inference Time : 0.0019974708557128906
DEBUG:root:Total time : 0.03900766372680664
DEBUG:root:1646833916.6641977: (surprise 0.74)
DEBUG:root:Inference Time : 0.0030062198638916016
DEBUG:root:Total time : 0.011007070541381836
DEBUG:root:1646833916.6861904: (surprise 0.57)
DEBUG:root:Inference Time : 0.002997159957885742
DEBUG:root:Total time : 0.015004396438598633
DEBUG:root:1646833916.7131925: (surprise 0.59)
DEBUG:root:Inference Time : 0.0030107498168945312
DEBUG:root:Total time : 0.02001333236694336
DEBUG:root:1646833916.7751915: (surprise 0.5)
DEBUG:root:Inference Time : 0.0019981861114501953
DEBUG:root:Total time : 0.0550084114074707
DEBUG:root:1646833916.8081925: (surprise 0.74)
DEBUG:root:Inference Time : 0.0029947757720947266
DEBUG:root:Total time : 0.026986360549926758
DEBUG:root:1646833916.840189: (surprise 0.7)
DEBUG:root:Inference Time : 0.0029985904693603516
DEBUG:root:Total time : 0.025003433227539062
DEBUG:root:1646833916.872194: (surprise 0.47)
DEBUG:root:Inference Time : 0.0030007362365722656
DEBUG:root:Total time : 0.025004148483276367
DEBUG:root:1646833916.9041932: (surprise 0.59)
DEBUG:root:Inference Time : 0.0029990673065185547
DEBUG:root:Total time : 0.026010751724243164
DEBUG:root:1646833916.93719: (surprise 0.63)
DEBUG:root:Inference Time : 0.0029964447021484375
DEBUG:root:Total time : 0.026001453399658203
DEBUG:root:1646833916.98519: (surprise 0.53)
DEBUG:root:Inference Time : 0.003984212875366211
DEBUG:root:Total time : 0.04100680351257324
DEBUG:root:1646833917.007188: (surprise 0.53)
DEBUG:root:Inference Time : 0.0029964447021484375
DEBUG:root:Total time : 0.015005111694335938
DEBUG:root:1646833917.0271904: (surprise 0.58)
DEBUG:root:Inference Time : 0.003999233245849609
DEBUG:root:Total time : 0.01400136947631836
DEBUG:root:1646833917.0501945: (surprise 0.53)
DEBUG:root:Inference Time : 0.004004955291748047
DEBUG:root:Total time : 0.01600337028503418
DEBUG:root:1646833917.079194: (surprise 0.44)
DEBUG:root:Inference Time : 0.0019979476928710938
DEBUG:root:Total time : 0.022001266479492188
DEBUG:root:1646833917.1131964: (surprise 0.61)
DEBUG:root:Inference Time : 0.00400233268737793
DEBUG:root:Total time : 0.028004884719848633
DEBUG:root:1646833917.1751933: (surprise 0.49)
DEBUG:root:Inference Time : 0.0029976367950439453
DEBUG:root:Total time : 0.055004119873046875
DEBUG:root:1646833917.2071908: (surprise 0.55)
DEBUG:root:Inference Time : 0.0029990673065185547
DEBUG:root:Total time : 0.025999069213867188
DEBUG:root:1646833917.2391913: (surprise 0.54)
DEBUG:root:Inference Time : 0.003995180130004883
DEBUG:root:Total time : 0.025001049041748047
DEBUG:root:1646833917.2701857: (surprise 0.58)
DEBUG:root:Inference Time : 0.0019958019256591797
DEBUG:root:Total time : 0.02299976348876953
DEBUG:root:1646833917.3201928: (surprise 0.52)
DEBUG:root:Inference Time : 0.003985881805419922
DEBUG:root:Total time : 0.045005083084106445
DEBUG:root:1646833917.3431914: (surprise 0.52)
DEBUG:root:Inference Time : 0.003998279571533203
DEBUG:root:Total time : 0.015005826950073242
DEBUG:root:1646833917.3641908: (surprise 0.53)
DEBUG:root:Inference Time : 0.0029954910278320312
DEBUG:root:Total time : 0.014005422592163086
DEBUG:root:1646833917.3851902: (surprise 0.59)
DEBUG:root:Inference Time : 0.0039997100830078125
DEBUG:root:Total time : 0.014002799987792969
DEBUG:root:1646833917.413188: (surprise 0.55)
DEBUG:root:Inference Time : 0.001996755599975586
DEBUG:root:Total time : 0.020998716354370117
DEBUG:root:1646833917.4461904: (surprise 0.54)
DEBUG:root:Inference Time : 0.003000974655151367
DEBUG:root:Total time : 0.026006221771240234
DEBUG:root:1646833917.4781926: (surprise 0.57)
DEBUG:root:Inference Time : 0.0020003318786621094
DEBUG:root:Total time : 0.02500462532043457
DEBUG:root:1646833917.511195: (surprise 0.54)
DEBUG:root:Inference Time : 0.0029976367950439453
DEBUG:root:Total time : 0.026999711990356445
DEBUG:root:1646833917.5751896: (surprise 0.53)
DEBUG:root:Inference Time : 0.0019958019256591797
DEBUG:root:Total time : 0.05700540542602539
DEBUG:root:1646833917.6061876: (surprise 0.54)
DEBUG:root:Inference Time : 0.0019979476928710938
DEBUG:root:Total time : 0.02399754524230957
DEBUG:root:1646833917.65319: (surprise 0.53)
DEBUG:root:Inference Time : 0.001998424530029297
DEBUG:root:Total time : 0.04099321365356445
DEBUG:root:1646833917.669193: (surprise 0.53)
DEBUG:root:Inference Time : 0.0019958019256591797
DEBUG:root:Total time : 0.010002613067626953
DEBUG:root:1646833917.688194: (surprise 0.51)
DEBUG:root:Inference Time : 0.002000570297241211
DEBUG:root:Total time : 0.01200556755065918
DEBUG:root:1646833917.717192: (surprise 0.62)
DEBUG:root:Inference Time : 0.003000974655151367
DEBUG:root:Total time : 0.022007465362548828
DEBUG:root:1646833917.7491987: (surprise 0.48)
DEBUG:root:Inference Time : 0.004021644592285156
DEBUG:root:Total time : 0.025026321411132812
DEBUG:root:1646833917.7821934: (surprise 0.43)
DEBUG:root:Inference Time : 0.0030069351196289062
DEBUG:root:Total time : 0.026007413864135742
DEBUG:root:1646833917.814191: (surprise 0.42)
DEBUG:root:Inference Time : 0.0029969215393066406
DEBUG:root:Total time : 0.025000333786010742
DEBUG:root:1646833917.8461897: (surprise 0.62)
DEBUG:root:Inference Time : 0.0019998550415039062
DEBUG:root:Total time : 0.02399921417236328
DEBUG:root:1646833917.8791897: (surprise 0.41)
DEBUG:root:Inference Time : 0.0019969940185546875
DEBUG:root:Total time : 0.025995492935180664
DEBUG:root:1646833917.9131904: (surprise 0.44)
DEBUG:root:Inference Time : 0.002997875213623047
DEBUG:root:Total time : 0.028000354766845703
DEBUG:root:1646833917.977192: (surprise 0.51)
DEBUG:root:Inference Time : 0.003996849060058594
DEBUG:root:Total time : 0.0559995174407959
DEBUG:root:1646833918.0251958: (surprise 0.63)
DEBUG:root:Inference Time : 0.0030019283294677734
DEBUG:root:Total time : 0.04199934005737305
DEBUG:root:1646833918.0461953: (surprise 0.63)
DEBUG:root:Inference Time : 0.003000020980834961
DEBUG:root:Total time : 0.013997316360473633
DEBUG:root:1646833918.0671988: (surprise 0.52)
DEBUG:root:Inference Time : 0.003996849060058594
DEBUG:root:Total time : 0.014002323150634766
DEBUG:root:1646833918.0901916: (surprise 0.64)
DEBUG:root:Inference Time : 0.0029985904693603516
DEBUG:root:Total time : 0.01600050926208496
DEBUG:root:1646833918.122192: (surprise 0.69)
DEBUG:root:Inference Time : 0.0029985904693603516
DEBUG:root:Total time : 0.023998498916625977
DEBUG:root:1646833918.15419: (surprise 0.69)
DEBUG:root:Inference Time : 0.003994941711425781
DEBUG:root:Total time : 0.02500152587890625
DEBUG:root:1646833918.1871934: (surprise 0.4)
DEBUG:root:Inference Time : 0.002997875213623047
DEBUG:root:Total time : 0.026002168655395508
DEBUG:root:1646833918.2191923: (fear 0.47)
DEBUG:root:Inference Time : 0.0029973983764648438
DEBUG:root:Total time : 0.02500152587890625
DEBUG:root:1646833918.2501957: (fear 0.38)
DEBUG:root:Inference Time : 0.0030012130737304688
DEBUG:root:Total time : 0.024007081985473633
DEBUG:root:1646833918.2851934: (neutral 0.37)
DEBUG:root:Inference Time : 0.003000974655151367
DEBUG:root:Total time : 0.029996395111083984
DEBUG:root:1646833918.314191: (neutral 0.65)
DEBUG:root:Inference Time : 0.003995180130004883
DEBUG:root:Total time : 0.020004749298095703
DEBUG:root:1646833918.3621905: (neutral 0.81)
DEBUG:root:Inference Time : 0.003999471664428711
DEBUG:root:Total time : 0.04100751876831055
DEBUG:root:1646833918.394192: (neutral 0.76)
DEBUG:root:Inference Time : 0.0029990673065185547
DEBUG:root:Total time : 0.025998353958129883
DEBUG:root:1646833918.4251933: (neutral 0.69)
DEBUG:root:Inference Time : 0.004000425338745117
DEBUG:root:Total time : 0.0240020751953125
DEBUG:root:1646833918.459195: (neutral 0.73)
DEBUG:root:Inference Time : 0.003003358840942383
DEBUG:root:Total time : 0.026999235153198242
DEBUG:root:1646833918.4901924: (neutral 0.67)
DEBUG:root:Inference Time : 0.003000020980834961
DEBUG:root:Total time : 0.025000810623168945
DEBUG:root:1646833918.522191: (neutral 0.7)
DEBUG:root:Inference Time : 0.0029981136322021484
DEBUG:root:Total time : 0.025002479553222656
DEBUG:root:1646833918.5541937: (neutral 0.66)
DEBUG:root:Inference Time : 0.0029866695404052734
DEBUG:root:Total time : 0.024999141693115234
DEBUG:root:1646833918.5851932: (neutral 0.84)
DEBUG:root:Inference Time : 0.0030002593994140625
DEBUG:root:Total time : 0.026999235153198242
DEBUG:root:1646833918.618194: (neutral 0.78)
DEBUG:root:Inference Time : 0.00400090217590332
DEBUG:root:Total time : 0.023005247116088867
DEBUG:root:1646833918.652192: (neutral 0.76)
DEBUG:root:Inference Time : 0.003994941711425781
DEBUG:root:Total time : 0.02799844741821289
DEBUG:root:1646833918.6981893: (neutral 0.78)
DEBUG:root:Inference Time : 0.0029993057250976562
DEBUG:root:Total time : 0.038004398345947266
DEBUG:root:1646833918.7291944: (neutral 0.67)
DEBUG:root:Inference Time : 0.0040013790130615234
DEBUG:root:Total time : 0.0240020751953125
DEBUG:root:1646833918.7631936: (neutral 0.57)
DEBUG:root:Inference Time : 0.004998922348022461
DEBUG:root:Total time : 0.026004314422607422
DEBUG:root:1646833918.7941918: (neutral 0.45)
DEBUG:root:Inference Time : 0.003997325897216797
DEBUG:root:Total time : 0.023003339767456055
DEBUG:root:1646833918.8261948: (happy 0.56)
DEBUG:root:Inference Time : 0.0029976367950439453
DEBUG:root:Total time : 0.024981260299682617
DEBUG:root:1646833918.858196: (happy 0.62)
DEBUG:root:Inference Time : 0.003005504608154297
DEBUG:root:Total time : 0.025002002716064453
DEBUG:root:1646833918.890192: (neutral 0.52)
DEBUG:root:Inference Time : 0.0029969215393066406
DEBUG:root:Total time : 0.02500009536743164
DEBUG:root:1646833918.9211907: (happy 0.44)
DEBUG:root:Inference Time : 0.0039980411529541016
DEBUG:root:Total time : 0.023999691009521484
DEBUG:root:1646833918.953194: (happy 0.62)
DEBUG:root:Inference Time : 0.003999233245849609
DEBUG:root:Total time : 0.025002717971801758
DEBUG:root:1646833918.9852147: (neutral 0.45)
DEBUG:root:Inference Time : 0.004002571105957031
DEBUG:root:Total time : 0.02500438690185547
DEBUG:root:1646833919.036196: (happy 0.45)
DEBUG:root:Inference Time : 0.004006385803222656
DEBUG:root:Total time : 0.04400324821472168
DEBUG:root:1646833919.069199: (happy 0.52)
DEBUG:root:Inference Time : 0.0030050277709960938
DEBUG:root:Total time : 0.02600240707397461
DEBUG:root:1646833919.0981975: (happy 0.6)
DEBUG:root:Inference Time : 0.0030035972595214844
DEBUG:root:Total time : 0.02200150489807129
DEBUG:root:1646833919.1301928: (neutral 0.57)
DEBUG:root:Inference Time : 0.00400233268737793
DEBUG:root:Total time : 0.025004863739013672
DEBUG:root:1646833919.1611946: (happy 0.91)
DEBUG:root:Inference Time : 0.003000974655151367
DEBUG:root:Total time : 0.022999286651611328
DEBUG:root:1646833919.1931953: (happy 0.7)
DEBUG:root:Inference Time : 0.00399327278137207
DEBUG:root:Total time : 0.02599358558654785
DEBUG:root:1646833919.2251933: (happy 0.75)
DEBUG:root:Inference Time : 0.003001689910888672
DEBUG:root:Total time : 0.024996042251586914
DEBUG:root:1646833919.2541945: (happy 0.61)
DEBUG:root:Inference Time : 0.002986907958984375
DEBUG:root:Total time : 0.022001266479492188
DEBUG:root:1646833919.2861934: (neutral 0.41)
DEBUG:root:Inference Time : 0.0020008087158203125
DEBUG:root:Total time : 0.025000333786010742
DEBUG:root:1646833919.3211899: (happy 0.41)
DEBUG:root:Inference Time : 0.0029973983764648438
DEBUG:root:Total time : 0.027999162673950195
DEBUG:root:1646833919.372191: (neutral 0.48)
DEBUG:root:Inference Time : 0.002992391586303711
DEBUG:root:Total time : 0.04400444030761719
DEBUG:root:1646833919.402196: (neutral 0.6)
DEBUG:root:Inference Time : 0.004998445510864258
DEBUG:root:Total time : 0.022997140884399414
DEBUG:root:1646833919.433194: (neutral 0.67)
DEBUG:root:Inference Time : 0.0049974918365478516
DEBUG:root:Total time : 0.025000572204589844
DEBUG:root:1646833919.4661894: (neutral 0.7)
DEBUG:root:Inference Time : 0.01800084114074707
DEBUG:root:Total time : 0.03799796104431152
DEBUG:root:1646833919.5001884: (neutral 0.67)
DEBUG:root:Inference Time : 0.004002094268798828
DEBUG:root:Total time : 0.01400303840637207
DEBUG:root:1646833919.5291946: (neutral 0.81)
DEBUG:root:Inference Time : 0.003000974655151367
DEBUG:root:Total time : 0.021001338958740234
DEBUG:root:1646833919.563196: (neutral 0.76)
DEBUG:root:Inference Time : 0.005002737045288086
DEBUG:root:Total time : 0.02802753448486328
DEBUG:root:1646833919.597187: (neutral 0.68)
DEBUG:root:Inference Time : 0.0029954910278320312
DEBUG:root:Total time : 0.02499699592590332
DEBUG:root:1646833919.6281927: (neutral 0.68)
DEBUG:root:Inference Time : 0.0029997825622558594
DEBUG:root:Total time : 0.023994922637939453
DEBUG:root:1646833919.6601896: (neutral 0.57)
DEBUG:root:Inference Time : 0.003986358642578125
DEBUG:root:Total time : 0.025997400283813477
DEBUG:root:1646833919.706194: (sad 0.41)
DEBUG:root:Inference Time : 0.002995729446411133
DEBUG:root:Total time : 0.04000544548034668
DEBUG:root:1646833919.7411907: (neutral 0.4)
DEBUG:root:Inference Time : 0.0029942989349365234
DEBUG:root:Total time : 0.027998924255371094
DEBUG:root:1646833919.777195: (neutral 0.48)
DEBUG:root:Inference Time : 0.0030057430267333984
DEBUG:root:Total time : 0.029007673263549805
DEBUG:root:1646833919.800192: (neutral 0.45)
DEBUG:root:Inference Time : 0.004004955291748047
DEBUG:root:Total time : 0.016002655029296875
DEBUG:root:1646833919.8361962: (neutral 0.65)
DEBUG:root:Inference Time : 0.003979206085205078
DEBUG:root:Total time : 0.028998374938964844
DEBUG:root:1646833919.870201: (neutral 0.48)
DEBUG:root:Inference Time : 0.005006313323974609
DEBUG:root:Total time : 0.028005599975585938
DEBUG:root:1646833919.9011917: (neutral 0.55)
DEBUG:root:Inference Time : 0.0039768218994140625
DEBUG:root:Total time : 0.0229952335357666
DEBUG:root:1646833919.930198: (neutral 0.58)
DEBUG:root:Inference Time : 0.0030078887939453125
DEBUG:root:Total time : 0.02200150489807129
DEBUG:root:1646833919.9641879: (neutral 0.68)
DEBUG:root:Inference Time : 0.0029921531677246094
DEBUG:root:Total time : 0.025989055633544922
DEBUG:root:1646833919.9941893: (neutral 0.66)
DEBUG:root:Inference Time : 0.0029883384704589844
DEBUG:root:Total time : 0.023990631103515625
DEBUG:root:1646833920.029192: (neutral 0.59)
DEBUG:root:Inference Time : 0.003998279571533203
DEBUG:root:Total time : 0.02799844741821289
DEBUG:root:1646833920.0911903: (neutral 0.67)
DEBUG:root:Inference Time : 0.01999950408935547
DEBUG:root:Total time : 0.05399942398071289
DEBUG:root:1646833920.114191: (neutral 0.62)
DEBUG:root:Inference Time : 0.003997325897216797
DEBUG:root:Total time : 0.015999555587768555
DEBUG:root:1646833920.1421928: (neutral 0.64)
DEBUG:root:Inference Time : 0.004991054534912109
DEBUG:root:Total time : 0.020989656448364258
DEBUG:root:1646833920.1731932: (neutral 0.62)
DEBUG:root:Inference Time : 0.003999233245849609
DEBUG:root:Total time : 0.02400684356689453
DEBUG:root:1646833920.2031937: (neutral 0.55)
DEBUG:root:Inference Time : 0.0040094852447509766
DEBUG:root:Total time : 0.023999452590942383
DEBUG:root:1646833920.2361917: (neutral 0.67)
DEBUG:root:Inference Time : 0.004001140594482422
DEBUG:root:Total time : 0.026022911071777344
DEBUG:root:1646833920.2661889: (neutral 0.65)
DEBUG:root:Inference Time : 0.0039980411529541016
DEBUG:root:Total time : 0.023998737335205078
DEBUG:root:1646833920.2991898: (neutral 0.64)
DEBUG:root:Inference Time : 0.002997875213623047
DEBUG:root:Total time : 0.025998353958129883
DEBUG:root:1646833920.3331888: (neutral 0.65)
DEBUG:root:Inference Time : 0.0039882659912109375
DEBUG:root:Total time : 0.027001619338989258
DEBUG:root:1646833920.3621898: (neutral 0.67)
DEBUG:root:Inference Time : 0.003995180130004883
DEBUG:root:Total time : 0.021999835968017578
DEBUG:root:1646833920.409191: (neutral 0.64)
DEBUG:root:Inference Time : 0.002995014190673828
DEBUG:root:Total time : 0.039987802505493164
DEBUG:root:1646833920.44119: (neutral 0.58)
DEBUG:root:Inference Time : 0.003998994827270508
DEBUG:root:Total time : 0.025003433227539062
DEBUG:root:1646833920.4771893: (neutral 0.69)
DEBUG:root:Inference Time : 0.0029981136322021484
DEBUG:root:Total time : 0.028999805450439453
DEBUG:root:1646833920.5061903: (neutral 0.65)
DEBUG:root:Inference Time : 0.002996683120727539
DEBUG:root:Total time : 0.02199864387512207
DEBUG:root:1646833920.5371895: (neutral 0.68)
DEBUG:root:Inference Time : 0.002996683120727539
DEBUG:root:Total time : 0.024007081985473633
DEBUG:root:1646833920.5671885: (neutral 0.61)
DEBUG:root:Inference Time : 0.002002716064453125
DEBUG:root:Total time : 0.0229947566986084
DEBUG:root:1646833920.6041923: (neutral 0.74)
DEBUG:root:Inference Time : 0.0049991607666015625
DEBUG:root:Total time : 0.03299403190612793
DEBUG:root:1646833920.68219: (neutral 0.55)
DEBUG:root:Inference Time : 0.007000446319580078
DEBUG:root:Total time : 0.03496360778808594
DEBUG:root:1646833920.708187: (neutral 0.55)
DEBUG:root:Inference Time : 0.003997802734375
DEBUG:root:Total time : 0.01600050926208496
DEBUG:root:1646833920.7341897: (neutral 0.58)
DEBUG:root:Inference Time : 0.0039980411529541016
DEBUG:root:Total time : 0.017998695373535156
DEBUG:root:1646833920.765192: (neutral 0.65)
DEBUG:root:Inference Time : 0.004002094268798828
DEBUG:root:Total time : 0.024993896484375
DEBUG:root:1646833920.7951934: (neutral 0.65)
DEBUG:root:Inference Time : 0.005989789962768555
DEBUG:root:Total time : 0.023003339767456055
DEBUG:root:1646833920.8261893: (neutral 0.59)
DEBUG:root:Inference Time : 0.003998517990112305
DEBUG:root:Total time : 0.02399730682373047
DEBUG:root:1646833920.84819: (neutral 0.67)
DEBUG:root:Inference Time : 0.0029938220977783203
DEBUG:root:Total time : 0.015003681182861328
DEBUG:root:1646833920.883193: (neutral 0.81)
DEBUG:root:Inference Time : 0.0030024051666259766
DEBUG:root:Total time : 0.02799367904663086
DEBUG:root:1646833920.907192: (neutral 0.75)
DEBUG:root:Inference Time : 0.004986763000488281
DEBUG:root:Total time : 0.01800060272216797
DEBUG:root:1646833920.9541938: (neutral 0.78)
DEBUG:root:Inference Time : 0.005003929138183594
DEBUG:root:Total time : 0.03900456428527832
DEBUG:root:1646833920.9881947: (neutral 0.79)
DEBUG:root:Inference Time : 0.0050029754638671875
DEBUG:root:Total time : 0.027005672454833984
DEBUG:root:1646833921.0291898: (neutral 0.78)
DEBUG:root:Inference Time : 0.003996849060058594
DEBUG:root:Total time : 0.021999359130859375
DEBUG:root:1646833921.061193: (neutral 0.77)
DEBUG:root:Inference Time : 0.0059964656829833984
DEBUG:root:Total time : 0.02499842643737793
DEBUG:root:1646833921.0971935: (neutral 0.76)
DEBUG:root:Inference Time : 0.003996610641479492
DEBUG:root:Total time : 0.03100419044494629
DEBUG:root:1646833921.1381917: (neutral 0.76)
DEBUG:root:Inference Time : 0.005997657775878906
DEBUG:root:Total time : 0.03500103950500488
DEBUG:root:1646833921.1811886: (neutral 0.78)
DEBUG:root:Inference Time : 0.004993438720703125
DEBUG:root:Total time : 0.03399229049682617
DEBUG:root:1646833921.2221925: (neutral 0.77)
DEBUG:root:Inference Time : 0.004999399185180664
DEBUG:root:Total time : 0.03600573539733887
DEBUG:root:1646833921.252191: (neutral 0.77)
DEBUG:root:Inference Time : 0.005998849868774414
DEBUG:root:Total time : 0.024013996124267578
DEBUG:root:1646833921.282194: (neutral 0.79)
DEBUG:root:Inference Time : 0.003999948501586914
DEBUG:root:Total time : 0.02100372314453125
DEBUG:root:1646833921.3121905: (neutral 0.79)
DEBUG:root:Inference Time : 0.003998517990112305
DEBUG:root:Total time : 0.023000717163085938
DEBUG:root:1646833921.3431928: (neutral 0.66)
DEBUG:root:Inference Time : 0.005002737045288086
DEBUG:root:Total time : 0.023998022079467773
DEBUG:root:1646833921.375197: (neutral 0.76)
DEBUG:root:Inference Time : 0.006999015808105469
DEBUG:root:Total time : 0.023000717163085938
DEBUG:root:1646833921.422197: (neutral 0.73)
DEBUG:root:Inference Time : 0.004004240036010742
DEBUG:root:Total time : 0.036002397537231445
DEBUG:root:1646833921.4451935: (neutral 0.73)
DEBUG:root:Inference Time : 0.004001140594482422
DEBUG:root:Total time : 0.016004562377929688
DEBUG:root:1646833921.469192: (neutral 0.68)
DEBUG:root:Inference Time : 0.004995822906494141
DEBUG:root:Total time : 0.01698446273803711
DEBUG:root:1646833921.4921958: (neutral 0.66)
DEBUG:root:Inference Time : 0.0039942264556884766
DEBUG:root:Total time : 0.015002727508544922
DEBUG:root:1646833921.515188: (neutral 0.67)
DEBUG:root:Inference Time : 0.003995656967163086
DEBUG:root:Total time : 0.01600027084350586
DEBUG:root:1646833921.5781891: (neutral 0.62)
DEBUG:root:Inference Time : 0.003996610641479492
DEBUG:root:Total time : 0.055997371673583984
DEBUG:root:1646833921.6111915: (neutral 0.65)
DEBUG:root:Inference Time : 0.0030019283294677734
DEBUG:root:Total time : 0.026002883911132812
DEBUG:root:1646833921.6441922: (neutral 0.61)
DEBUG:root:Inference Time : 0.004002094268798828
DEBUG:root:Total time : 0.026001453399658203
DEBUG:root:1646833921.6731923: (neutral 0.64)
DEBUG:root:Inference Time : 0.004000186920166016
DEBUG:root:Total time : 0.022001266479492188
DEBUG:root:1646833921.706195: (neutral 0.69)
DEBUG:root:Inference Time : 0.0039997100830078125
DEBUG:root:Total time : 0.025002002716064453
DEBUG:root:1646833921.740192: (neutral 0.66)
DEBUG:root:Inference Time : 0.007001161575317383
DEBUG:root:Total time : 0.0279996395111084
DEBUG:root:1646833921.789188: (neutral 0.7)
DEBUG:root:Inference Time : 0.003998279571533203
DEBUG:root:Total time : 0.04200243949890137
DEBUG:root:1646833921.8121912: (neutral 0.7)
DEBUG:root:Inference Time : 0.004004240036010742
DEBUG:root:Total time : 0.01600503921508789
DEBUG:root:1646833921.8351886: (neutral 0.62)
DEBUG:root:Inference Time : 0.0029904842376708984
DEBUG:root:Total time : 0.016002655029296875
DEBUG:root:1646833921.8581898: (neutral 0.67)
DEBUG:root:Inference Time : 0.0030019283294677734
DEBUG:root:Total time : 0.015002012252807617
DEBUG:root:1646833921.8821914: (neutral 0.64)
DEBUG:root:Inference Time : 0.0029973983764648438
DEBUG:root:Total time : 0.01600337028503418
DEBUG:root:1646833921.9141893: (neutral 0.73)
DEBUG:root:Inference Time : 0.0029954910278320312
DEBUG:root:Total time : 0.025000333786010742
DEBUG:root:1646833921.979189: (neutral 0.51)
DEBUG:root:Inference Time : 0.002996683120727539
DEBUG:root:Total time : 0.05799293518066406
DEBUG:root:1646833922.0111933: (neutral 0.55)
DEBUG:root:Inference Time : 0.0030040740966796875
DEBUG:root:Total time : 0.02499866485595703
DEBUG:root:1646833922.0411878: (neutral 0.47)
DEBUG:root:Inference Time : 0.003973960876464844
DEBUG:root:Total time : 0.023998260498046875
DEBUG:root:1646833922.0731897: (neutral 0.55)
DEBUG:root:Inference Time : 0.0039958953857421875
DEBUG:root:Total time : 0.02500629425048828
DEBUG:root:1646833922.1212103: (neutral 0.62)
DEBUG:root:Inference Time : 0.00402069091796875
DEBUG:root:Total time : 0.041005611419677734
DEBUG:root:1646833922.1441898: (neutral 0.62)
DEBUG:root:Inference Time : 0.0029954910278320312
DEBUG:root:Total time : 0.016003847122192383
DEBUG:root:1646833922.16719: (neutral 0.52)
DEBUG:root:Inference Time : 0.004003047943115234
DEBUG:root:Total time : 0.016005277633666992
DEBUG:root:1646833922.1921902: (angry 0.38)
DEBUG:root:Inference Time : 0.002995729446411133
DEBUG:root:Total time : 0.017007112503051758
DEBUG:root:1646833922.2241943: (neutral 0.52)
DEBUG:root:Inference Time : 0.004002571105957031
DEBUG:root:Total time : 0.02499532699584961
DEBUG:root:1646833922.25119: (neutral 0.48)
DEBUG:root:Inference Time : 0.0039980411529541016
DEBUG:root:Total time : 0.021000146865844727
DEBUG:root:1646833922.2821906: (neutral 0.39)
DEBUG:root:Inference Time : 0.0029969215393066406
DEBUG:root:Total time : 0.023000001907348633
DEBUG:root:1646833922.3151896: (neutral 0.61)
DEBUG:root:Inference Time : 0.0039980411529541016
DEBUG:root:Total time : 0.025999784469604492
DEBUG:root:1646833922.3781922: (neutral 0.44)
DEBUG:root:Inference Time : 0.0029981136322021484
DEBUG:root:Total time : 0.055994510650634766
DEBUG:root:1646833922.4161901: (neutral 0.44)
DEBUG:root:Inference Time : 0.002997875213623047
DEBUG:root:Total time : 0.030002117156982422
DEBUG:root:1646833922.4611878: (neutral 0.54)
DEBUG:root:Inference Time : 0.0029952526092529297
DEBUG:root:Total time : 0.038004398345947266
DEBUG:root:1646833922.4841914: (neutral 0.54)
DEBUG:root:Inference Time : 0.003998517990112305
DEBUG:root:Total time : 0.01600050926208496
DEBUG:root:1646833922.5081906: (neutral 0.63)
DEBUG:root:Inference Time : 0.003990650177001953
DEBUG:root:Total time : 0.0169985294342041
DEBUG:root:1646833922.5301921: (neutral 0.47)
DEBUG:root:Inference Time : 0.004000663757324219
DEBUG:root:Total time : 0.015006065368652344
DEBUG:root:1646833922.5552003: (neutral 0.52)
DEBUG:root:Inference Time : 0.0040013790130615234
DEBUG:root:Total time : 0.018997669219970703
DEBUG:root:1646833922.5901911: (neutral 0.29)
DEBUG:root:Inference Time : 0.003996849060058594
DEBUG:root:Total time : 0.0260007381439209
DEBUG:root:1646833922.6181898: (neutral 0.43)
DEBUG:root:Inference Time : 0.003997325897216797
DEBUG:root:Total time : 0.02300238609313965
DEBUG:root:1646833922.6491952: (neutral 0.41)
DEBUG:root:Inference Time : 0.003004312515258789
DEBUG:root:Total time : 0.024008512496948242
DEBUG:root:1646833922.6822042: (neutral 0.35)
DEBUG:root:Inference Time : 0.004012346267700195
DEBUG:root:Total time : 0.0260009765625
